Traceback (most recent call last):
  File "/gpfs/soma_fs/home/buchsbaum/miniforge3/envs/sleap/bin/sleap-convert", line 33, in <module>
    sys.exit(load_entry_point('sleap', 'console_scripts', 'sleap-convert')())
  File "/gpfs/soma_fs/home/buchsbaum/src/sleap/sleap/io/convert.py", line 178, in main
    csv=True,
  File "/gpfs/soma_fs/home/buchsbaum/src/sleap/sleap/info/write_tracking_h5.py", line 397, in main
    ) = get_occupancy_and_points_matrices(labels, all_frames, video)
  File "/gpfs/soma_fs/home/buchsbaum/src/sleap/sleap/info/write_tracking_h5.py", line 88, in get_occupancy_and_points_matrices
    node_count = len(labels.skeletons[0].nodes)
IndexError: list index out of range
Traceback (most recent call last):
  File "/gpfs/soma_fs/home/buchsbaum/miniforge3/envs/sleap/bin/sleap-convert", line 33, in <module>
    sys.exit(load_entry_point('sleap', 'console_scripts', 'sleap-convert')())
  File "/gpfs/soma_fs/home/buchsbaum/src/sleap/sleap/io/convert.py", line 178, in main
    csv=True,
  File "/gpfs/soma_fs/home/buchsbaum/src/sleap/sleap/info/write_tracking_h5.py", line 397, in main
    ) = get_occupancy_and_points_matrices(labels, all_frames, video)
  File "/gpfs/soma_fs/home/buchsbaum/src/sleap/sleap/info/write_tracking_h5.py", line 88, in get_occupancy_and_points_matrices
    node_count = len(labels.skeletons[0].nodes)
IndexError: list index out of range
Traceback (most recent call last):
  File "/gpfs/soma_fs/home/buchsbaum/miniforge3/envs/sleap/bin/sleap-convert", line 33, in <module>
    sys.exit(load_entry_point('sleap', 'console_scripts', 'sleap-convert')())
  File "/gpfs/soma_fs/home/buchsbaum/src/sleap/sleap/io/convert.py", line 178, in main
    csv=True,
  File "/gpfs/soma_fs/home/buchsbaum/src/sleap/sleap/info/write_tracking_h5.py", line 397, in main
    ) = get_occupancy_and_points_matrices(labels, all_frames, video)
  File "/gpfs/soma_fs/home/buchsbaum/src/sleap/sleap/info/write_tracking_h5.py", line 88, in get_occupancy_and_points_matrices
    node_count = len(labels.skeletons[0].nodes)
IndexError: list index out of range
Traceback (most recent call last):
  File "/gpfs/soma_fs/home/buchsbaum/miniforge3/envs/sleap/bin/sleap-convert", line 33, in <module>
    sys.exit(load_entry_point('sleap', 'console_scripts', 'sleap-convert')())
  File "/gpfs/soma_fs/home/buchsbaum/src/sleap/sleap/io/convert.py", line 178, in main
    csv=True,
  File "/gpfs/soma_fs/home/buchsbaum/src/sleap/sleap/info/write_tracking_h5.py", line 397, in main
    ) = get_occupancy_and_points_matrices(labels, all_frames, video)
  File "/gpfs/soma_fs/home/buchsbaum/src/sleap/sleap/info/write_tracking_h5.py", line 88, in get_occupancy_and_points_matrices
    node_count = len(labels.skeletons[0].nodes)
IndexError: list index out of range
Traceback (most recent call last):
  File "/gpfs/soma_fs/home/buchsbaum/miniforge3/envs/sleap/bin/sleap-convert", line 33, in <module>
    sys.exit(load_entry_point('sleap', 'console_scripts', 'sleap-convert')())
  File "/gpfs/soma_fs/home/buchsbaum/src/sleap/sleap/io/convert.py", line 178, in main
    csv=True,
  File "/gpfs/soma_fs/home/buchsbaum/src/sleap/sleap/info/write_tracking_h5.py", line 397, in main
    ) = get_occupancy_and_points_matrices(labels, all_frames, video)
  File "/gpfs/soma_fs/home/buchsbaum/src/sleap/sleap/info/write_tracking_h5.py", line 88, in get_occupancy_and_points_matrices
    node_count = len(labels.skeletons[0].nodes)
IndexError: list index out of range
Traceback (most recent call last):
  File "/gpfs/soma_fs/home/buchsbaum/miniforge3/envs/sleap/bin/sleap-convert", line 33, in <module>
    sys.exit(load_entry_point('sleap', 'console_scripts', 'sleap-convert')())
  File "/gpfs/soma_fs/home/buchsbaum/src/sleap/sleap/io/convert.py", line 178, in main
    csv=True,
  File "/gpfs/soma_fs/home/buchsbaum/src/sleap/sleap/info/write_tracking_h5.py", line 397, in main
    ) = get_occupancy_and_points_matrices(labels, all_frames, video)
  File "/gpfs/soma_fs/home/buchsbaum/src/sleap/sleap/info/write_tracking_h5.py", line 88, in get_occupancy_and_points_matrices
    node_count = len(labels.skeletons[0].nodes)
IndexError: list index out of range
Traceback (most recent call last):
  File "/gpfs/soma_fs/home/buchsbaum/miniforge3/envs/sleap/bin/sleap-convert", line 33, in <module>
    sys.exit(load_entry_point('sleap', 'console_scripts', 'sleap-convert')())
  File "/gpfs/soma_fs/home/buchsbaum/src/sleap/sleap/io/convert.py", line 178, in main
    csv=True,
  File "/gpfs/soma_fs/home/buchsbaum/src/sleap/sleap/info/write_tracking_h5.py", line 397, in main
    ) = get_occupancy_and_points_matrices(labels, all_frames, video)
  File "/gpfs/soma_fs/home/buchsbaum/src/sleap/sleap/info/write_tracking_h5.py", line 88, in get_occupancy_and_points_matrices
    node_count = len(labels.skeletons[0].nodes)
IndexError: list index out of range
Traceback (most recent call last):
  File "/gpfs/soma_fs/home/buchsbaum/miniforge3/envs/sleap/bin/sleap-convert", line 33, in <module>
    sys.exit(load_entry_point('sleap', 'console_scripts', 'sleap-convert')())
  File "/gpfs/soma_fs/home/buchsbaum/src/sleap/sleap/io/convert.py", line 178, in main
    csv=True,
  File "/gpfs/soma_fs/home/buchsbaum/src/sleap/sleap/info/write_tracking_h5.py", line 397, in main
    ) = get_occupancy_and_points_matrices(labels, all_frames, video)
  File "/gpfs/soma_fs/home/buchsbaum/src/sleap/sleap/info/write_tracking_h5.py", line 88, in get_occupancy_and_points_matrices
    node_count = len(labels.skeletons[0].nodes)
IndexError: list index out of range
Traceback (most recent call last):
  File "/gpfs/soma_fs/home/buchsbaum/miniforge3/envs/sleap/bin/sleap-convert", line 33, in <module>
    sys.exit(load_entry_point('sleap', 'console_scripts', 'sleap-convert')())
  File "/gpfs/soma_fs/home/buchsbaum/src/sleap/sleap/io/convert.py", line 178, in main
    csv=True,
  File "/gpfs/soma_fs/home/buchsbaum/src/sleap/sleap/info/write_tracking_h5.py", line 397, in main
    ) = get_occupancy_and_points_matrices(labels, all_frames, video)
  File "/gpfs/soma_fs/home/buchsbaum/src/sleap/sleap/info/write_tracking_h5.py", line 88, in get_occupancy_and_points_matrices
    node_count = len(labels.skeletons[0].nodes)
IndexError: list index out of range
Traceback (most recent call last):
  File "/gpfs/soma_fs/home/buchsbaum/miniforge3/envs/sleap/bin/sleap-convert", line 33, in <module>
    sys.exit(load_entry_point('sleap', 'console_scripts', 'sleap-convert')())
  File "/gpfs/soma_fs/home/buchsbaum/src/sleap/sleap/io/convert.py", line 178, in main
    csv=True,
  File "/gpfs/soma_fs/home/buchsbaum/src/sleap/sleap/info/write_tracking_h5.py", line 397, in main
    ) = get_occupancy_and_points_matrices(labels, all_frames, video)
  File "/gpfs/soma_fs/home/buchsbaum/src/sleap/sleap/info/write_tracking_h5.py", line 88, in get_occupancy_and_points_matrices
    node_count = len(labels.skeletons[0].nodes)
IndexError: list index out of range
Traceback (most recent call last):
  File "/gpfs/soma_fs/home/buchsbaum/miniforge3/envs/sleap/bin/sleap-convert", line 33, in <module>
    sys.exit(load_entry_point('sleap', 'console_scripts', 'sleap-convert')())
  File "/gpfs/soma_fs/home/buchsbaum/src/sleap/sleap/io/convert.py", line 178, in main
    csv=True,
  File "/gpfs/soma_fs/home/buchsbaum/src/sleap/sleap/info/write_tracking_h5.py", line 397, in main
    ) = get_occupancy_and_points_matrices(labels, all_frames, video)
  File "/gpfs/soma_fs/home/buchsbaum/src/sleap/sleap/info/write_tracking_h5.py", line 88, in get_occupancy_and_points_matrices
    node_count = len(labels.skeletons[0].nodes)
IndexError: list index out of range
Traceback (most recent call last):
  File "/gpfs/soma_fs/home/buchsbaum/miniforge3/envs/sleap/bin/sleap-convert", line 33, in <module>
    sys.exit(load_entry_point('sleap', 'console_scripts', 'sleap-convert')())
  File "/gpfs/soma_fs/home/buchsbaum/src/sleap/sleap/io/convert.py", line 178, in main
Traceback (most recent call last):
  File "/gpfs/soma_fs/home/buchsbaum/miniforge3/envs/sleap/bin/sleap-convert", line 33, in <module>
    csv=True,
  File "/gpfs/soma_fs/home/buchsbaum/src/sleap/sleap/info/write_tracking_h5.py", line 397, in main
    sys.exit(load_entry_point('sleap', 'console_scripts', 'sleap-convert')())    
) = get_occupancy_and_points_matrices(labels, all_frames, video)  File "/gpfs/soma_fs/home/buchsbaum/src/sleap/sleap/io/convert.py", line 178, in main

  File "/gpfs/soma_fs/home/buchsbaum/src/sleap/sleap/info/write_tracking_h5.py", line 88, in get_occupancy_and_points_matrices
    node_count = len(labels.skeletons[0].nodes)
IndexError: list index out of range
    csv=True,
  File "/gpfs/soma_fs/home/buchsbaum/src/sleap/sleap/info/write_tracking_h5.py", line 397, in main
    ) = get_occupancy_and_points_matrices(labels, all_frames, video)
  File "/gpfs/soma_fs/home/buchsbaum/src/sleap/sleap/info/write_tracking_h5.py", line 88, in get_occupancy_and_points_matrices
    node_count = len(labels.skeletons[0].nodes)
IndexError: list index out of range
Traceback (most recent call last):
  File "/gpfs/soma_fs/home/buchsbaum/miniforge3/envs/sleap/bin/sleap-convert", line 33, in <module>
    sys.exit(load_entry_point('sleap', 'console_scripts', 'sleap-convert')())
  File "/gpfs/soma_fs/home/buchsbaum/src/sleap/sleap/io/convert.py", line 178, in main
    csv=True,
  File "/gpfs/soma_fs/home/buchsbaum/src/sleap/sleap/info/write_tracking_h5.py", line 397, in main
    ) = get_occupancy_and_points_matrices(labels, all_frames, video)
  File "/gpfs/soma_fs/home/buchsbaum/src/sleap/sleap/info/write_tracking_h5.py", line 88, in get_occupancy_and_points_matrices
    node_count = len(labels.skeletons[0].nodes)
IndexError: list index out of range
Traceback (most recent call last):
  File "/gpfs/soma_fs/home/buchsbaum/miniforge3/envs/sleap/bin/sleap-convert", line 33, in <module>
    sys.exit(load_entry_point('sleap', 'console_scripts', 'sleap-convert')())
  File "/gpfs/soma_fs/home/buchsbaum/src/sleap/sleap/io/convert.py", line 178, in main
    csv=True,
  File "/gpfs/soma_fs/home/buchsbaum/src/sleap/sleap/info/write_tracking_h5.py", line 397, in main
    ) = get_occupancy_and_points_matrices(labels, all_frames, video)
  File "/gpfs/soma_fs/home/buchsbaum/src/sleap/sleap/info/write_tracking_h5.py", line 88, in get_occupancy_and_points_matrices
    node_count = len(labels.skeletons[0].nodes)
IndexError: list index out of range
Traceback (most recent call last):
  File "/gpfs/soma_fs/home/buchsbaum/miniforge3/envs/sleap/bin/sleap-convert", line 33, in <module>
    sys.exit(load_entry_point('sleap', 'console_scripts', 'sleap-convert')())
  File "/gpfs/soma_fs/home/buchsbaum/src/sleap/sleap/io/convert.py", line 178, in main
    csv=True,
  File "/gpfs/soma_fs/home/buchsbaum/src/sleap/sleap/info/write_tracking_h5.py", line 397, in main
    ) = get_occupancy_and_points_matrices(labels, all_frames, video)
  File "/gpfs/soma_fs/home/buchsbaum/src/sleap/sleap/info/write_tracking_h5.py", line 88, in get_occupancy_and_points_matrices
    node_count = len(labels.skeletons[0].nodes)
IndexError: list index out of range
Traceback (most recent call last):
  File "/gpfs/soma_fs/home/buchsbaum/miniforge3/envs/sleap/bin/sleap-convert", line 33, in <module>
    sys.exit(load_entry_point('sleap', 'console_scripts', 'sleap-convert')())
  File "/gpfs/soma_fs/home/buchsbaum/src/sleap/sleap/io/convert.py", line 178, in main
    csv=True,
  File "/gpfs/soma_fs/home/buchsbaum/src/sleap/sleap/info/write_tracking_h5.py", line 397, in main
    ) = get_occupancy_and_points_matrices(labels, all_frames, video)
  File "/gpfs/soma_fs/home/buchsbaum/src/sleap/sleap/info/write_tracking_h5.py", line 88, in get_occupancy_and_points_matrices
    node_count = len(labels.skeletons[0].nodes)
IndexError: list index out of range
Traceback (most recent call last):
  File "/gpfs/soma_fs/home/buchsbaum/miniforge3/envs/sleap/bin/sleap-convert", line 33, in <module>
    sys.exit(load_entry_point('sleap', 'console_scripts', 'sleap-convert')())
  File "/gpfs/soma_fs/home/buchsbaum/src/sleap/sleap/io/convert.py", line 178, in main
    csv=True,
  File "/gpfs/soma_fs/home/buchsbaum/src/sleap/sleap/info/write_tracking_h5.py", line 397, in main
    ) = get_occupancy_and_points_matrices(labels, all_frames, video)
  File "/gpfs/soma_fs/home/buchsbaum/src/sleap/sleap/info/write_tracking_h5.py", line 88, in get_occupancy_and_points_matrices
    node_count = len(labels.skeletons[0].nodes)
IndexError: list index out of range
Traceback (most recent call last):
  File "/gpfs/soma_fs/home/buchsbaum/miniforge3/envs/sleap/bin/sleap-convert", line 33, in <module>
    sys.exit(load_entry_point('sleap', 'console_scripts', 'sleap-convert')())
  File "/gpfs/soma_fs/home/buchsbaum/src/sleap/sleap/io/convert.py", line 178, in main
    csv=True,
  File "/gpfs/soma_fs/home/buchsbaum/src/sleap/sleap/info/write_tracking_h5.py", line 397, in main
    ) = get_occupancy_and_points_matrices(labels, all_frames, video)
  File "/gpfs/soma_fs/home/buchsbaum/src/sleap/sleap/info/write_tracking_h5.py", line 88, in get_occupancy_and_points_matrices
    node_count = len(labels.skeletons[0].nodes)
IndexError: list index out of range
Traceback (most recent call last):
  File "/gpfs/soma_fs/home/buchsbaum/miniforge3/envs/sleap/bin/sleap-convert", line 33, in <module>
    sys.exit(load_entry_point('sleap', 'console_scripts', 'sleap-convert')())Traceback (most recent call last):

  File "/gpfs/soma_fs/home/buchsbaum/miniforge3/envs/sleap/bin/sleap-convert", line 33, in <module>
  File "/gpfs/soma_fs/home/buchsbaum/src/sleap/sleap/io/convert.py", line 178, in main
    sys.exit(load_entry_point('sleap', 'console_scripts', 'sleap-convert')())
  File "/gpfs/soma_fs/home/buchsbaum/src/sleap/sleap/io/convert.py", line 178, in main
    csv=True,
  File "/gpfs/soma_fs/home/buchsbaum/src/sleap/sleap/info/write_tracking_h5.py", line 397, in main
    csv=True,
  File "/gpfs/soma_fs/home/buchsbaum/src/sleap/sleap/info/write_tracking_h5.py", line 397, in main
    ) = get_occupancy_and_points_matrices(labels, all_frames, video)
  File "/gpfs/soma_fs/home/buchsbaum/src/sleap/sleap/info/write_tracking_h5.py", line 88, in get_occupancy_and_points_matrices
    node_count = len(labels.skeletons[0].nodes)
IndexError: list index out of range    
) = get_occupancy_and_points_matrices(labels, all_frames, video)
  File "/gpfs/soma_fs/home/buchsbaum/src/sleap/sleap/info/write_tracking_h5.py", line 88, in get_occupancy_and_points_matrices
    node_count = len(labels.skeletons[0].nodes)
IndexError: list index out of range
Traceback (most recent call last):
  File "/gpfs/soma_fs/home/buchsbaum/miniforge3/envs/sleap/bin/sleap-convert", line 33, in <module>
    sys.exit(load_entry_point('sleap', 'console_scripts', 'sleap-convert')())
  File "/gpfs/soma_fs/home/buchsbaum/src/sleap/sleap/io/convert.py", line 178, in main
    csv=True,
  File "/gpfs/soma_fs/home/buchsbaum/src/sleap/sleap/info/write_tracking_h5.py", line 397, in main
    ) = get_occupancy_and_points_matrices(labels, all_frames, video)
  File "/gpfs/soma_fs/home/buchsbaum/src/sleap/sleap/info/write_tracking_h5.py", line 88, in get_occupancy_and_points_matrices
    node_count = len(labels.skeletons[0].nodes)
IndexError: list index out of range
Traceback (most recent call last):
  File "/gpfs/soma_fs/home/buchsbaum/miniforge3/envs/sleap/bin/sleap-convert", line 33, in <module>
    sys.exit(load_entry_point('sleap', 'console_scripts', 'sleap-convert')())
  File "/gpfs/soma_fs/home/buchsbaum/src/sleap/sleap/io/convert.py", line 178, in main
    csv=True,
  File "/gpfs/soma_fs/home/buchsbaum/src/sleap/sleap/info/write_tracking_h5.py", line 397, in main
    ) = get_occupancy_and_points_matrices(labels, all_frames, video)
  File "/gpfs/soma_fs/home/buchsbaum/src/sleap/sleap/info/write_tracking_h5.py", line 88, in get_occupancy_and_points_matrices
    node_count = len(labels.skeletons[0].nodes)
IndexError: list index out of range
Traceback (most recent call last):
  File "/gpfs/soma_fs/home/buchsbaum/miniforge3/envs/sleap/bin/sleap-convert", line 33, in <module>
    sys.exit(load_entry_point('sleap', 'console_scripts', 'sleap-convert')())
  File "/gpfs/soma_fs/home/buchsbaum/src/sleap/sleap/io/convert.py", line 178, in main
    csv=True,
  File "/gpfs/soma_fs/home/buchsbaum/src/sleap/sleap/info/write_tracking_h5.py", line 397, in main
    ) = get_occupancy_and_points_matrices(labels, all_frames, video)
  File "/gpfs/soma_fs/home/buchsbaum/src/sleap/sleap/info/write_tracking_h5.py", line 88, in get_occupancy_and_points_matrices
    node_count = len(labels.skeletons[0].nodes)
IndexError: list index out of range
Traceback (most recent call last):
  File "/gpfs/soma_fs/home/buchsbaum/miniforge3/envs/sleap/bin/sleap-convert", line 33, in <module>
    sys.exit(load_entry_point('sleap', 'console_scripts', 'sleap-convert')())
  File "/gpfs/soma_fs/home/buchsbaum/src/sleap/sleap/io/convert.py", line 178, in main
    csv=True,
  File "/gpfs/soma_fs/home/buchsbaum/src/sleap/sleap/info/write_tracking_h5.py", line 397, in main
    ) = get_occupancy_and_points_matrices(labels, all_frames, video)
  File "/gpfs/soma_fs/home/buchsbaum/src/sleap/sleap/info/write_tracking_h5.py", line 88, in get_occupancy_and_points_matrices
    node_count = len(labels.skeletons[0].nodes)
IndexError: list index out of range
Traceback (most recent call last):
  File "/gpfs/soma_fs/home/buchsbaum/miniforge3/envs/sleap/bin/sleap-convert", line 33, in <module>
    sys.exit(load_entry_point('sleap', 'console_scripts', 'sleap-convert')())
  File "/gpfs/soma_fs/home/buchsbaum/src/sleap/sleap/io/convert.py", line 178, in main
    csv=True,
  File "/gpfs/soma_fs/home/buchsbaum/src/sleap/sleap/info/write_tracking_h5.py", line 397, in main
    ) = get_occupancy_and_points_matrices(labels, all_frames, video)
  File "/gpfs/soma_fs/home/buchsbaum/src/sleap/sleap/info/write_tracking_h5.py", line 88, in get_occupancy_and_points_matrices
    node_count = len(labels.skeletons[0].nodes)
IndexError: list index out of range
Traceback (most recent call last):
  File "/gpfs/soma_fs/home/buchsbaum/miniforge3/envs/sleap/bin/sleap-convert", line 33, in <module>
    sys.exit(load_entry_point('sleap', 'console_scripts', 'sleap-convert')())
  File "/gpfs/soma_fs/home/buchsbaum/src/sleap/sleap/io/convert.py", line 178, in main
    csv=True,
  File "/gpfs/soma_fs/home/buchsbaum/src/sleap/sleap/info/write_tracking_h5.py", line 397, in main
    ) = get_occupancy_and_points_matrices(labels, all_frames, video)
  File "/gpfs/soma_fs/home/buchsbaum/src/sleap/sleap/info/write_tracking_h5.py", line 88, in get_occupancy_and_points_matrices
    node_count = len(labels.skeletons[0].nodes)
IndexError: list index out of range
Traceback (most recent call last):
  File "/gpfs/soma_fs/home/buchsbaum/miniforge3/envs/sleap/bin/sleap-convert", line 33, in <module>
    sys.exit(load_entry_point('sleap', 'console_scripts', 'sleap-convert')())
  File "/gpfs/soma_fs/home/buchsbaum/src/sleap/sleap/io/convert.py", line 178, in main
    csv=True,
  File "/gpfs/soma_fs/home/buchsbaum/src/sleap/sleap/info/write_tracking_h5.py", line 397, in main
    ) = get_occupancy_and_points_matrices(labels, all_frames, video)
  File "/gpfs/soma_fs/home/buchsbaum/src/sleap/sleap/info/write_tracking_h5.py", line 88, in get_occupancy_and_points_matrices
    node_count = len(labels.skeletons[0].nodes)
IndexError: list index out of range
