Traceback (most recent call last):
  File "/gpfs/soma_fs/home/buchsbaum/miniforge3/envs/sleap/bin/sleap-convert", line 33, in <module>
    sys.exit(load_entry_point('sleap', 'console_scripts', 'sleap-convert')())
  File "/gpfs/soma_fs/home/buchsbaum/miniforge3/envs/sleap/bin/sleap-convert", line 25, in importlib_load_entry_point
    return next(matches).load()
  File "/gpfs/soma_fs/home/buchsbaum/miniforge3/envs/sleap/lib/python3.7/site-packages/importlib_metadata/__init__.py", line 209, in load
    module = import_module(match.group('module'))
  File "/gpfs/soma_fs/home/buchsbaum/miniforge3/envs/sleap/lib/python3.7/importlib/__init__.py", line 127, in import_module
    return _bootstrap._gcd_import(name[level:], package, level)
  File "<frozen importlib._bootstrap>", line 1006, in _gcd_import
  File "<frozen importlib._bootstrap>", line 983, in _find_and_load
  File "<frozen importlib._bootstrap>", line 953, in _find_and_load_unlocked
Traceback (most recent call last):
  File "/gpfs/soma_fs/home/buchsbaum/miniforge3/envs/sleap/bin/sleap-convert", line 33, in <module>
  File "<frozen importlib._bootstrap>", line 219, in _call_with_frames_removed
  File "<frozen importlib._bootstrap>", line 1006, in _gcd_import
  File "<frozen importlib._bootstrap>", line 983, in _find_and_load
  File "<frozen importlib._bootstrap>", line 953, in _find_and_load_unlocked
  File "<frozen importlib._bootstrap>", line 219, in _call_with_frames_removed
  File "<frozen importlib._bootstrap>", line 1006, in _gcd_import
  File "<frozen importlib._bootstrap>", line 983, in _find_and_load
  File "<frozen importlib._bootstrap>", line 967, in _find_and_load_unlocked
  File "<frozen importlib._bootstrap>", line 677, in _load_unlocked
    sys.exit(load_entry_point('sleap', 'console_scripts', 'sleap-convert')())
  File "/gpfs/soma_fs/home/buchsbaum/miniforge3/envs/sleap/bin/sleap-convert", line 25, in importlib_load_entry_point
  File "<frozen importlib._bootstrap_external>", line 728, in exec_module
    return next(matches).load()
  File "/gpfs/soma_fs/home/buchsbaum/miniforge3/envs/sleap/lib/python3.7/site-packages/importlib_metadata/__init__.py", line 209, in load
  File "<frozen importlib._bootstrap>", line 219, in _call_with_frames_removed
  File "/gpfs/soma_fs/home/buchsbaum/src/sleap/sleap/__init__.py", line 10, in <module>
    module = import_module(match.group('module'))
  File "/gpfs/soma_fs/home/buchsbaum/miniforge3/envs/sleap/lib/python3.7/importlib/__init__.py", line 127, in import_module
    return _bootstrap._gcd_import(name[level:], package, level)    
from sleap.io.dataset import Labels, load_file  File "<frozen importlib._bootstrap>", line 1006, in _gcd_import

  File "/gpfs/soma_fs/home/buchsbaum/src/sleap/sleap/io/dataset.py", line 73, in <module>
  File "<frozen importlib._bootstrap>", line 983, in _find_and_load
  File "<frozen importlib._bootstrap>", line 953, in _find_and_load_unlocked
  File "<frozen importlib._bootstrap>", line 219, in _call_with_frames_removed
  File "<frozen importlib._bootstrap>", line 1006, in _gcd_import
  File "<frozen importlib._bootstrap>", line 983, in _find_and_load
  File "<frozen importlib._bootstrap>", line 953, in _find_and_load_unlocked
  File "<frozen importlib._bootstrap>", line 219, in _call_with_frames_removed
  File "<frozen importlib._bootstrap>", line 1006, in _gcd_import
  File "<frozen importlib._bootstrap>", line 983, in _find_and_load
  File "<frozen importlib._bootstrap>", line 967, in _find_and_load_unlocked
    from sleap.instance import (
  File "/gpfs/soma_fs/home/buchsbaum/src/sleap/sleap/instance.py", line 35, in <module>
  File "<frozen importlib._bootstrap>", line 677, in _load_unlocked
  File "<frozen importlib._bootstrap_external>", line 728, in exec_module
  File "<frozen importlib._bootstrap>", line 219, in _call_with_frames_removed
  File "/gpfs/soma_fs/home/buchsbaum/src/sleap/sleap/__init__.py", line 10, in <module>
    from sleap.io.dataset import Labels, load_file
  File "/gpfs/soma_fs/home/buchsbaum/src/sleap/sleap/io/dataset.py", line 73, in <module>
    from sleap.instance import (
  File "/gpfs/soma_fs/home/buchsbaum/src/sleap/sleap/instance.py", line 35, in <module>
    from sleap.io.video import Video  # Only used for type hinting    
from sleap.io.video import Video  # Only used for type hinting  File "/gpfs/soma_fs/home/buchsbaum/src/sleap/sleap/io/video.py", line 7, in <module>

  File "/gpfs/soma_fs/home/buchsbaum/src/sleap/sleap/io/video.py", line 7, in <module>
    import cv2
    ImportErrorimport cv2: 
libGL.so.1: cannot open shared object file: No such file or directoryImportError
: libGL.so.1: cannot open shared object file: No such file or directory
Traceback (most recent call last):
  File "/gpfs/soma_fs/home/buchsbaum/miniforge3/envs/sleap/bin/sleap-convert", line 33, in <module>
Traceback (most recent call last):
  File "/gpfs/soma_fs/home/buchsbaum/miniforge3/envs/sleap/bin/sleap-convert", line 33, in <module>
    sys.exit(load_entry_point('sleap', 'console_scripts', 'sleap-convert')())
  File "/gpfs/soma_fs/home/buchsbaum/miniforge3/envs/sleap/bin/sleap-convert", line 25, in importlib_load_entry_point
    return next(matches).load()
  File "/gpfs/soma_fs/home/buchsbaum/miniforge3/envs/sleap/lib/python3.7/site-packages/importlib_metadata/__init__.py", line 209, in load
    sys.exit(load_entry_point('sleap', 'console_scripts', 'sleap-convert')())
  File "/gpfs/soma_fs/home/buchsbaum/miniforge3/envs/sleap/bin/sleap-convert", line 25, in importlib_load_entry_point
    module = import_module(match.group('module'))
  File "/gpfs/soma_fs/home/buchsbaum/miniforge3/envs/sleap/lib/python3.7/importlib/__init__.py", line 127, in import_module
    return next(matches).load()
  File "/gpfs/soma_fs/home/buchsbaum/miniforge3/envs/sleap/lib/python3.7/site-packages/importlib_metadata/__init__.py", line 209, in load
    return _bootstrap._gcd_import(name[level:], package, level)
  File "<frozen importlib._bootstrap>", line 1006, in _gcd_import
    module = import_module(match.group('module'))
  File "/gpfs/soma_fs/home/buchsbaum/miniforge3/envs/sleap/lib/python3.7/importlib/__init__.py", line 127, in import_module
  File "<frozen importlib._bootstrap>", line 983, in _find_and_load
  File "<frozen importlib._bootstrap>", line 953, in _find_and_load_unlocked
    return _bootstrap._gcd_import(name[level:], package, level)
  File "<frozen importlib._bootstrap>", line 1006, in _gcd_import
  File "<frozen importlib._bootstrap>", line 219, in _call_with_frames_removed
  File "<frozen importlib._bootstrap>", line 983, in _find_and_load
  File "<frozen importlib._bootstrap>", line 1006, in _gcd_import
  File "<frozen importlib._bootstrap>", line 953, in _find_and_load_unlocked
  File "<frozen importlib._bootstrap>", line 983, in _find_and_load
  File "<frozen importlib._bootstrap>", line 219, in _call_with_frames_removed
  File "<frozen importlib._bootstrap>", line 953, in _find_and_load_unlocked
  File "<frozen importlib._bootstrap>", line 1006, in _gcd_import
  File "<frozen importlib._bootstrap>", line 219, in _call_with_frames_removed
  File "<frozen importlib._bootstrap>", line 983, in _find_and_load
  File "<frozen importlib._bootstrap>", line 1006, in _gcd_import
  File "<frozen importlib._bootstrap>", line 953, in _find_and_load_unlocked
  File "<frozen importlib._bootstrap>", line 983, in _find_and_load
  File "<frozen importlib._bootstrap>", line 219, in _call_with_frames_removed
  File "<frozen importlib._bootstrap>", line 967, in _find_and_load_unlocked
  File "<frozen importlib._bootstrap>", line 1006, in _gcd_import
  File "<frozen importlib._bootstrap>", line 677, in _load_unlocked
  File "<frozen importlib._bootstrap>", line 983, in _find_and_load
  File "<frozen importlib._bootstrap_external>", line 728, in exec_module
  File "<frozen importlib._bootstrap>", line 967, in _find_and_load_unlocked
  File "<frozen importlib._bootstrap>", line 219, in _call_with_frames_removed
  File "<frozen importlib._bootstrap>", line 677, in _load_unlocked
  File "/gpfs/soma_fs/home/buchsbaum/src/sleap/sleap/__init__.py", line 10, in <module>
  File "<frozen importlib._bootstrap_external>", line 728, in exec_module
    from sleap.io.dataset import Labels, load_file
  File "/gpfs/soma_fs/home/buchsbaum/src/sleap/sleap/io/dataset.py", line 73, in <module>
  File "<frozen importlib._bootstrap>", line 219, in _call_with_frames_removed
  File "/gpfs/soma_fs/home/buchsbaum/src/sleap/sleap/__init__.py", line 10, in <module>
    from sleap.instance import (
  File "/gpfs/soma_fs/home/buchsbaum/src/sleap/sleap/instance.py", line 35, in <module>
    from sleap.io.dataset import Labels, load_file
  File "/gpfs/soma_fs/home/buchsbaum/src/sleap/sleap/io/dataset.py", line 73, in <module>
    from sleap.io.video import Video  # Only used for type hinting
  File "/gpfs/soma_fs/home/buchsbaum/src/sleap/sleap/io/video.py", line 7, in <module>
    import cv2
    ImportErrorfrom sleap.instance import (: 
libGL.so.1: cannot open shared object file: No such file or directory  File "/gpfs/soma_fs/home/buchsbaum/src/sleap/sleap/instance.py", line 35, in <module>

    from sleap.io.video import Video  # Only used for type hinting
  File "/gpfs/soma_fs/home/buchsbaum/src/sleap/sleap/io/video.py", line 7, in <module>
    import cv2
ImportError: libGL.so.1: cannot open shared object file: No such file or directory
Traceback (most recent call last):
  File "/gpfs/soma_fs/home/buchsbaum/miniforge3/envs/sleap/bin/sleap-convert", line 33, in <module>
    sys.exit(load_entry_point('sleap', 'console_scripts', 'sleap-convert')())
  File "/gpfs/soma_fs/home/buchsbaum/miniforge3/envs/sleap/bin/sleap-convert", line 25, in importlib_load_entry_point
    return next(matches).load()
  File "/gpfs/soma_fs/home/buchsbaum/miniforge3/envs/sleap/lib/python3.7/site-packages/importlib_metadata/__init__.py", line 209, in load
    module = import_module(match.group('module'))
  File "/gpfs/soma_fs/home/buchsbaum/miniforge3/envs/sleap/lib/python3.7/importlib/__init__.py", line 127, in import_module
    return _bootstrap._gcd_import(name[level:], package, level)
  File "<frozen importlib._bootstrap>", line 1006, in _gcd_import
  File "<frozen importlib._bootstrap>", line 983, in _find_and_load
  File "<frozen importlib._bootstrap>", line 953, in _find_and_load_unlocked
  File "<frozen importlib._bootstrap>", line 219, in _call_with_frames_removed
  File "<frozen importlib._bootstrap>", line 1006, in _gcd_import
  File "<frozen importlib._bootstrap>", line 983, in _find_and_load
  File "<frozen importlib._bootstrap>", line 953, in _find_and_load_unlocked
  File "<frozen importlib._bootstrap>", line 219, in _call_with_frames_removed
  File "<frozen importlib._bootstrap>", line 1006, in _gcd_import
  File "<frozen importlib._bootstrap>", line 983, in _find_and_load
  File "<frozen importlib._bootstrap>", line 967, in _find_and_load_unlocked
  File "<frozen importlib._bootstrap>", line 677, in _load_unlocked
  File "<frozen importlib._bootstrap_external>", line 728, in exec_module
  File "<frozen importlib._bootstrap>", line 219, in _call_with_frames_removed
  File "/gpfs/soma_fs/home/buchsbaum/src/sleap/sleap/__init__.py", line 10, in <module>
    from sleap.io.dataset import Labels, load_file
  File "/gpfs/soma_fs/home/buchsbaum/src/sleap/sleap/io/dataset.py", line 73, in <module>
    from sleap.instance import (
  File "/gpfs/soma_fs/home/buchsbaum/src/sleap/sleap/instance.py", line 35, in <module>
    from sleap.io.video import Video  # Only used for type hinting
  File "/gpfs/soma_fs/home/buchsbaum/src/sleap/sleap/io/video.py", line 7, in <module>
    import cv2
ImportError: libGL.so.1: cannot open shared object file: No such file or directory
Traceback (most recent call last):
  File "/gpfs/soma_fs/home/buchsbaum/miniforge3/envs/sleap/bin/sleap-convert", line 33, in <module>
    sys.exit(load_entry_point('sleap', 'console_scripts', 'sleap-convert')())
  File "/gpfs/soma_fs/home/buchsbaum/miniforge3/envs/sleap/bin/sleap-convert", line 25, in importlib_load_entry_point
    return next(matches).load()
  File "/gpfs/soma_fs/home/buchsbaum/miniforge3/envs/sleap/lib/python3.7/site-packages/importlib_metadata/__init__.py", line 209, in load
    module = import_module(match.group('module'))
  File "/gpfs/soma_fs/home/buchsbaum/miniforge3/envs/sleap/lib/python3.7/importlib/__init__.py", line 127, in import_module
    return _bootstrap._gcd_import(name[level:], package, level)
  File "<frozen importlib._bootstrap>", line 1006, in _gcd_import
  File "<frozen importlib._bootstrap>", line 983, in _find_and_load
  File "<frozen importlib._bootstrap>", line 953, in _find_and_load_unlocked
  File "<frozen importlib._bootstrap>", line 219, in _call_with_frames_removed
  File "<frozen importlib._bootstrap>", line 1006, in _gcd_import
  File "<frozen importlib._bootstrap>", line 983, in _find_and_load
  File "<frozen importlib._bootstrap>", line 953, in _find_and_load_unlocked
  File "<frozen importlib._bootstrap>", line 219, in _call_with_frames_removed
  File "<frozen importlib._bootstrap>", line 1006, in _gcd_import
  File "<frozen importlib._bootstrap>", line 983, in _find_and_load
  File "<frozen importlib._bootstrap>", line 967, in _find_and_load_unlocked
  File "<frozen importlib._bootstrap>", line 677, in _load_unlocked
  File "<frozen importlib._bootstrap_external>", line 728, in exec_module
  File "<frozen importlib._bootstrap>", line 219, in _call_with_frames_removed
  File "/gpfs/soma_fs/home/buchsbaum/src/sleap/sleap/__init__.py", line 10, in <module>
    from sleap.io.dataset import Labels, load_file
  File "/gpfs/soma_fs/home/buchsbaum/src/sleap/sleap/io/dataset.py", line 73, in <module>
    from sleap.instance import (
  File "/gpfs/soma_fs/home/buchsbaum/src/sleap/sleap/instance.py", line 35, in <module>
    from sleap.io.video import Video  # Only used for type hinting
  File "/gpfs/soma_fs/home/buchsbaum/src/sleap/sleap/io/video.py", line 7, in <module>
    import cv2
ImportError: libGL.so.1: cannot open shared object file: No such file or directory
Traceback (most recent call last):
  File "/gpfs/soma_fs/home/buchsbaum/miniforge3/envs/sleap/bin/sleap-convert", line 33, in <module>
    sys.exit(load_entry_point('sleap', 'console_scripts', 'sleap-convert')())
  File "/gpfs/soma_fs/home/buchsbaum/miniforge3/envs/sleap/bin/sleap-convert", line 25, in importlib_load_entry_point
    return next(matches).load()
  File "/gpfs/soma_fs/home/buchsbaum/miniforge3/envs/sleap/lib/python3.7/site-packages/importlib_metadata/__init__.py", line 209, in load
    module = import_module(match.group('module'))
  File "/gpfs/soma_fs/home/buchsbaum/miniforge3/envs/sleap/lib/python3.7/importlib/__init__.py", line 127, in import_module
    return _bootstrap._gcd_import(name[level:], package, level)
  File "<frozen importlib._bootstrap>", line 1006, in _gcd_import
  File "<frozen importlib._bootstrap>", line 983, in _find_and_load
  File "<frozen importlib._bootstrap>", line 953, in _find_and_load_unlocked
  File "<frozen importlib._bootstrap>", line 219, in _call_with_frames_removed
  File "<frozen importlib._bootstrap>", line 1006, in _gcd_import
  File "<frozen importlib._bootstrap>", line 983, in _find_and_load
  File "<frozen importlib._bootstrap>", line 953, in _find_and_load_unlocked
  File "<frozen importlib._bootstrap>", line 219, in _call_with_frames_removed
  File "<frozen importlib._bootstrap>", line 1006, in _gcd_import
  File "<frozen importlib._bootstrap>", line 983, in _find_and_load
  File "<frozen importlib._bootstrap>", line 967, in _find_and_load_unlocked
  File "<frozen importlib._bootstrap>", line 677, in _load_unlocked
  File "<frozen importlib._bootstrap_external>", line 728, in exec_module
  File "<frozen importlib._bootstrap>", line 219, in _call_with_frames_removed
  File "/gpfs/soma_fs/home/buchsbaum/src/sleap/sleap/__init__.py", line 10, in <module>
    from sleap.io.dataset import Labels, load_file
  File "/gpfs/soma_fs/home/buchsbaum/src/sleap/sleap/io/dataset.py", line 73, in <module>
    from sleap.instance import (
  File "/gpfs/soma_fs/home/buchsbaum/src/sleap/sleap/instance.py", line 35, in <module>
    from sleap.io.video import Video  # Only used for type hinting
  File "/gpfs/soma_fs/home/buchsbaum/src/sleap/sleap/io/video.py", line 7, in <module>
    import cv2
ImportError: libGL.so.1: cannot open shared object file: No such file or directory
Traceback (most recent call last):
  File "/gpfs/soma_fs/home/buchsbaum/miniforge3/envs/sleap/bin/sleap-convert", line 33, in <module>
    sys.exit(load_entry_point('sleap', 'console_scripts', 'sleap-convert')())
  File "/gpfs/soma_fs/home/buchsbaum/miniforge3/envs/sleap/bin/sleap-convert", line 25, in importlib_load_entry_point
    return next(matches).load()
  File "/gpfs/soma_fs/home/buchsbaum/miniforge3/envs/sleap/lib/python3.7/site-packages/importlib_metadata/__init__.py", line 209, in load
    module = import_module(match.group('module'))
  File "/gpfs/soma_fs/home/buchsbaum/miniforge3/envs/sleap/lib/python3.7/importlib/__init__.py", line 127, in import_module
    return _bootstrap._gcd_import(name[level:], package, level)
  File "<frozen importlib._bootstrap>", line 1006, in _gcd_import
  File "<frozen importlib._bootstrap>", line 983, in _find_and_load
  File "<frozen importlib._bootstrap>", line 953, in _find_and_load_unlocked
  File "<frozen importlib._bootstrap>", line 219, in _call_with_frames_removed
  File "<frozen importlib._bootstrap>", line 1006, in _gcd_import
  File "<frozen importlib._bootstrap>", line 983, in _find_and_load
  File "<frozen importlib._bootstrap>", line 953, in _find_and_load_unlocked
  File "<frozen importlib._bootstrap>", line 219, in _call_with_frames_removed
  File "<frozen importlib._bootstrap>", line 1006, in _gcd_import
  File "<frozen importlib._bootstrap>", line 983, in _find_and_load
  File "<frozen importlib._bootstrap>", line 967, in _find_and_load_unlocked
  File "<frozen importlib._bootstrap>", line 677, in _load_unlocked
  File "<frozen importlib._bootstrap_external>", line 728, in exec_module
  File "<frozen importlib._bootstrap>", line 219, in _call_with_frames_removed
  File "/gpfs/soma_fs/home/buchsbaum/src/sleap/sleap/__init__.py", line 10, in <module>
    from sleap.io.dataset import Labels, load_file
  File "/gpfs/soma_fs/home/buchsbaum/src/sleap/sleap/io/dataset.py", line 73, in <module>
    from sleap.instance import (
  File "/gpfs/soma_fs/home/buchsbaum/src/sleap/sleap/instance.py", line 35, in <module>
    from sleap.io.video import Video  # Only used for type hinting
  File "/gpfs/soma_fs/home/buchsbaum/src/sleap/sleap/io/video.py", line 7, in <module>
    import cv2
ImportError: libGL.so.1: cannot open shared object file: No such file or directory
Traceback (most recent call last):
  File "/gpfs/soma_fs/home/buchsbaum/miniforge3/envs/sleap/bin/sleap-convert", line 33, in <module>
    sys.exit(load_entry_point('sleap', 'console_scripts', 'sleap-convert')())
  File "/gpfs/soma_fs/home/buchsbaum/miniforge3/envs/sleap/bin/sleap-convert", line 25, in importlib_load_entry_point
    return next(matches).load()
  File "/gpfs/soma_fs/home/buchsbaum/miniforge3/envs/sleap/lib/python3.7/site-packages/importlib_metadata/__init__.py", line 209, in load
    module = import_module(match.group('module'))
  File "/gpfs/soma_fs/home/buchsbaum/miniforge3/envs/sleap/lib/python3.7/importlib/__init__.py", line 127, in import_module
    return _bootstrap._gcd_import(name[level:], package, level)
  File "<frozen importlib._bootstrap>", line 1006, in _gcd_import
  File "<frozen importlib._bootstrap>", line 983, in _find_and_load
  File "<frozen importlib._bootstrap>", line 953, in _find_and_load_unlocked
  File "<frozen importlib._bootstrap>", line 219, in _call_with_frames_removed
  File "<frozen importlib._bootstrap>", line 1006, in _gcd_import
  File "<frozen importlib._bootstrap>", line 983, in _find_and_load
  File "<frozen importlib._bootstrap>", line 953, in _find_and_load_unlocked
  File "<frozen importlib._bootstrap>", line 219, in _call_with_frames_removed
  File "<frozen importlib._bootstrap>", line 1006, in _gcd_import
  File "<frozen importlib._bootstrap>", line 983, in _find_and_load
  File "<frozen importlib._bootstrap>", line 967, in _find_and_load_unlocked
  File "<frozen importlib._bootstrap>", line 677, in _load_unlocked
  File "<frozen importlib._bootstrap_external>", line 728, in exec_module
  File "<frozen importlib._bootstrap>", line 219, in _call_with_frames_removed
  File "/gpfs/soma_fs/home/buchsbaum/src/sleap/sleap/__init__.py", line 10, in <module>
    from sleap.io.dataset import Labels, load_file
  File "/gpfs/soma_fs/home/buchsbaum/src/sleap/sleap/io/dataset.py", line 73, in <module>
    from sleap.instance import (
  File "/gpfs/soma_fs/home/buchsbaum/src/sleap/sleap/instance.py", line 35, in <module>
    from sleap.io.video import Video  # Only used for type hinting
  File "/gpfs/soma_fs/home/buchsbaum/src/sleap/sleap/io/video.py", line 7, in <module>
    import cv2
ImportError: libGL.so.1: cannot open shared object file: No such file or directory
Traceback (most recent call last):
  File "/gpfs/soma_fs/home/buchsbaum/miniforge3/envs/sleap/bin/sleap-convert", line 33, in <module>
    sys.exit(load_entry_point('sleap', 'console_scripts', 'sleap-convert')())
  File "/gpfs/soma_fs/home/buchsbaum/miniforge3/envs/sleap/bin/sleap-convert", line 25, in importlib_load_entry_point
    return next(matches).load()
  File "/gpfs/soma_fs/home/buchsbaum/miniforge3/envs/sleap/lib/python3.7/site-packages/importlib_metadata/__init__.py", line 209, in load
    module = import_module(match.group('module'))
  File "/gpfs/soma_fs/home/buchsbaum/miniforge3/envs/sleap/lib/python3.7/importlib/__init__.py", line 127, in import_module
    return _bootstrap._gcd_import(name[level:], package, level)
  File "<frozen importlib._bootstrap>", line 1006, in _gcd_import
  File "<frozen importlib._bootstrap>", line 983, in _find_and_load
  File "<frozen importlib._bootstrap>", line 953, in _find_and_load_unlocked
  File "<frozen importlib._bootstrap>", line 219, in _call_with_frames_removed
  File "<frozen importlib._bootstrap>", line 1006, in _gcd_import
  File "<frozen importlib._bootstrap>", line 983, in _find_and_load
  File "<frozen importlib._bootstrap>", line 953, in _find_and_load_unlocked
  File "<frozen importlib._bootstrap>", line 219, in _call_with_frames_removed
  File "<frozen importlib._bootstrap>", line 1006, in _gcd_import
  File "<frozen importlib._bootstrap>", line 983, in _find_and_load
  File "<frozen importlib._bootstrap>", line 967, in _find_and_load_unlocked
  File "<frozen importlib._bootstrap>", line 677, in _load_unlocked
  File "<frozen importlib._bootstrap_external>", line 728, in exec_module
  File "<frozen importlib._bootstrap>", line 219, in _call_with_frames_removed
  File "/gpfs/soma_fs/home/buchsbaum/src/sleap/sleap/__init__.py", line 10, in <module>
    from sleap.io.dataset import Labels, load_file
  File "/gpfs/soma_fs/home/buchsbaum/src/sleap/sleap/io/dataset.py", line 73, in <module>
    from sleap.instance import (
  File "/gpfs/soma_fs/home/buchsbaum/src/sleap/sleap/instance.py", line 35, in <module>
    from sleap.io.video import Video  # Only used for type hinting
  File "/gpfs/soma_fs/home/buchsbaum/src/sleap/sleap/io/video.py", line 7, in <module>
    import cv2
ImportError: libGL.so.1: cannot open shared object file: No such file or directory
Traceback (most recent call last):
  File "/gpfs/soma_fs/home/buchsbaum/miniforge3/envs/sleap/bin/sleap-convert", line 33, in <module>
    sys.exit(load_entry_point('sleap', 'console_scripts', 'sleap-convert')())
  File "/gpfs/soma_fs/home/buchsbaum/miniforge3/envs/sleap/bin/sleap-convert", line 25, in importlib_load_entry_point
    return next(matches).load()
  File "/gpfs/soma_fs/home/buchsbaum/miniforge3/envs/sleap/lib/python3.7/site-packages/importlib_metadata/__init__.py", line 209, in load
    module = import_module(match.group('module'))
  File "/gpfs/soma_fs/home/buchsbaum/miniforge3/envs/sleap/lib/python3.7/importlib/__init__.py", line 127, in import_module
    return _bootstrap._gcd_import(name[level:], package, level)
  File "<frozen importlib._bootstrap>", line 1006, in _gcd_import
  File "<frozen importlib._bootstrap>", line 983, in _find_and_load
  File "<frozen importlib._bootstrap>", line 953, in _find_and_load_unlocked
  File "<frozen importlib._bootstrap>", line 219, in _call_with_frames_removed
  File "<frozen importlib._bootstrap>", line 1006, in _gcd_import
  File "<frozen importlib._bootstrap>", line 983, in _find_and_load
  File "<frozen importlib._bootstrap>", line 953, in _find_and_load_unlocked
  File "<frozen importlib._bootstrap>", line 219, in _call_with_frames_removed
  File "<frozen importlib._bootstrap>", line 1006, in _gcd_import
  File "<frozen importlib._bootstrap>", line 983, in _find_and_load
  File "<frozen importlib._bootstrap>", line 967, in _find_and_load_unlocked
  File "<frozen importlib._bootstrap>", line 677, in _load_unlocked
  File "<frozen importlib._bootstrap_external>", line 728, in exec_module
  File "<frozen importlib._bootstrap>", line 219, in _call_with_frames_removed
  File "/gpfs/soma_fs/home/buchsbaum/src/sleap/sleap/__init__.py", line 10, in <module>
    from sleap.io.dataset import Labels, load_file
  File "/gpfs/soma_fs/home/buchsbaum/src/sleap/sleap/io/dataset.py", line 73, in <module>
    from sleap.instance import (
  File "/gpfs/soma_fs/home/buchsbaum/src/sleap/sleap/instance.py", line 35, in <module>
    from sleap.io.video import Video  # Only used for type hinting
  File "/gpfs/soma_fs/home/buchsbaum/src/sleap/sleap/io/video.py", line 7, in <module>
    import cv2
ImportError: libGL.so.1: cannot open shared object file: No such file or directory
Traceback (most recent call last):
  File "/gpfs/soma_fs/home/buchsbaum/miniforge3/envs/sleap/bin/sleap-convert", line 33, in <module>
    sys.exit(load_entry_point('sleap', 'console_scripts', 'sleap-convert')())
  File "/gpfs/soma_fs/home/buchsbaum/miniforge3/envs/sleap/bin/sleap-convert", line 25, in importlib_load_entry_point
    return next(matches).load()
  File "/gpfs/soma_fs/home/buchsbaum/miniforge3/envs/sleap/lib/python3.7/site-packages/importlib_metadata/__init__.py", line 209, in load
    module = import_module(match.group('module'))
  File "/gpfs/soma_fs/home/buchsbaum/miniforge3/envs/sleap/lib/python3.7/importlib/__init__.py", line 127, in import_module
    return _bootstrap._gcd_import(name[level:], package, level)
  File "<frozen importlib._bootstrap>", line 1006, in _gcd_import
  File "<frozen importlib._bootstrap>", line 983, in _find_and_load
  File "<frozen importlib._bootstrap>", line 953, in _find_and_load_unlocked
  File "<frozen importlib._bootstrap>", line 219, in _call_with_frames_removed
  File "<frozen importlib._bootstrap>", line 1006, in _gcd_import
  File "<frozen importlib._bootstrap>", line 983, in _find_and_load
  File "<frozen importlib._bootstrap>", line 953, in _find_and_load_unlocked
  File "<frozen importlib._bootstrap>", line 219, in _call_with_frames_removed
  File "<frozen importlib._bootstrap>", line 1006, in _gcd_import
  File "<frozen importlib._bootstrap>", line 983, in _find_and_load
  File "<frozen importlib._bootstrap>", line 967, in _find_and_load_unlocked
  File "<frozen importlib._bootstrap>", line 677, in _load_unlocked
  File "<frozen importlib._bootstrap_external>", line 728, in exec_module
  File "<frozen importlib._bootstrap>", line 219, in _call_with_frames_removed
  File "/gpfs/soma_fs/home/buchsbaum/src/sleap/sleap/__init__.py", line 10, in <module>
    from sleap.io.dataset import Labels, load_file
  File "/gpfs/soma_fs/home/buchsbaum/src/sleap/sleap/io/dataset.py", line 73, in <module>
    from sleap.instance import (
  File "/gpfs/soma_fs/home/buchsbaum/src/sleap/sleap/instance.py", line 35, in <module>
    from sleap.io.video import Video  # Only used for type hinting
  File "/gpfs/soma_fs/home/buchsbaum/src/sleap/sleap/io/video.py", line 7, in <module>
    import cv2
ImportError: libGL.so.1: cannot open shared object file: No such file or directory
Traceback (most recent call last):
  File "/gpfs/soma_fs/home/buchsbaum/miniforge3/envs/sleap/bin/sleap-convert", line 33, in <module>
Traceback (most recent call last):
    sys.exit(load_entry_point('sleap', 'console_scripts', 'sleap-convert')())  File "/gpfs/soma_fs/home/buchsbaum/miniforge3/envs/sleap/bin/sleap-convert", line 33, in <module>

  File "/gpfs/soma_fs/home/buchsbaum/miniforge3/envs/sleap/bin/sleap-convert", line 25, in importlib_load_entry_point
    return next(matches).load()
  File "/gpfs/soma_fs/home/buchsbaum/miniforge3/envs/sleap/lib/python3.7/site-packages/importlib_metadata/__init__.py", line 209, in load
    sys.exit(load_entry_point('sleap', 'console_scripts', 'sleap-convert')())
  File "/gpfs/soma_fs/home/buchsbaum/miniforge3/envs/sleap/bin/sleap-convert", line 25, in importlib_load_entry_point
        module = import_module(match.group('module'))return next(matches).load()

  File "/gpfs/soma_fs/home/buchsbaum/miniforge3/envs/sleap/lib/python3.7/importlib/__init__.py", line 127, in import_module
  File "/gpfs/soma_fs/home/buchsbaum/miniforge3/envs/sleap/lib/python3.7/site-packages/importlib_metadata/__init__.py", line 209, in load
    return _bootstrap._gcd_import(name[level:], package, level)
      File "<frozen importlib._bootstrap>", line 1006, in _gcd_import
module = import_module(match.group('module'))
  File "/gpfs/soma_fs/home/buchsbaum/miniforge3/envs/sleap/lib/python3.7/importlib/__init__.py", line 127, in import_module
  File "<frozen importlib._bootstrap>", line 983, in _find_and_load
    return _bootstrap._gcd_import(name[level:], package, level)
  File "<frozen importlib._bootstrap>", line 1006, in _gcd_import
  File "<frozen importlib._bootstrap>", line 953, in _find_and_load_unlocked
  File "<frozen importlib._bootstrap>", line 219, in _call_with_frames_removed
  File "<frozen importlib._bootstrap>", line 983, in _find_and_load
  File "<frozen importlib._bootstrap>", line 1006, in _gcd_import
  File "<frozen importlib._bootstrap>", line 953, in _find_and_load_unlocked
  File "<frozen importlib._bootstrap>", line 983, in _find_and_load
  File "<frozen importlib._bootstrap>", line 219, in _call_with_frames_removed
  File "<frozen importlib._bootstrap>", line 953, in _find_and_load_unlocked
  File "<frozen importlib._bootstrap>", line 1006, in _gcd_import
  File "<frozen importlib._bootstrap>", line 219, in _call_with_frames_removed
  File "<frozen importlib._bootstrap>", line 983, in _find_and_load
  File "<frozen importlib._bootstrap>", line 1006, in _gcd_import
  File "<frozen importlib._bootstrap>", line 953, in _find_and_load_unlocked
  File "<frozen importlib._bootstrap>", line 983, in _find_and_load
  File "<frozen importlib._bootstrap>", line 219, in _call_with_frames_removed
  File "<frozen importlib._bootstrap>", line 967, in _find_and_load_unlocked
  File "<frozen importlib._bootstrap>", line 1006, in _gcd_import
  File "<frozen importlib._bootstrap>", line 677, in _load_unlocked
  File "<frozen importlib._bootstrap>", line 983, in _find_and_load
  File "<frozen importlib._bootstrap_external>", line 728, in exec_module
  File "<frozen importlib._bootstrap>", line 967, in _find_and_load_unlocked
  File "<frozen importlib._bootstrap>", line 677, in _load_unlocked
  File "<frozen importlib._bootstrap>", line 219, in _call_with_frames_removed
  File "<frozen importlib._bootstrap_external>", line 728, in exec_module
  File "/gpfs/soma_fs/home/buchsbaum/src/sleap/sleap/__init__.py", line 10, in <module>
  File "<frozen importlib._bootstrap>", line 219, in _call_with_frames_removed
    from sleap.io.dataset import Labels, load_file
  File "/gpfs/soma_fs/home/buchsbaum/src/sleap/sleap/io/dataset.py", line 73, in <module>
  File "/gpfs/soma_fs/home/buchsbaum/src/sleap/sleap/__init__.py", line 10, in <module>
    from sleap.io.dataset import Labels, load_file
      File "/gpfs/soma_fs/home/buchsbaum/src/sleap/sleap/io/dataset.py", line 73, in <module>
from sleap.instance import (
  File "/gpfs/soma_fs/home/buchsbaum/src/sleap/sleap/instance.py", line 35, in <module>
        from sleap.io.video import Video  # Only used for type hintingfrom sleap.instance import (

  File "/gpfs/soma_fs/home/buchsbaum/src/sleap/sleap/io/video.py", line 7, in <module>
  File "/gpfs/soma_fs/home/buchsbaum/src/sleap/sleap/instance.py", line 35, in <module>
    import cv2    
from sleap.io.video import Video  # Only used for type hintingImportError
:   File "/gpfs/soma_fs/home/buchsbaum/src/sleap/sleap/io/video.py", line 7, in <module>
libGL.so.1: cannot open shared object file: No such file or directory
    import cv2
ImportError: libGL.so.1: cannot open shared object file: No such file or directory
Traceback (most recent call last):
  File "/gpfs/soma_fs/home/buchsbaum/miniforge3/envs/sleap/bin/sleap-convert", line 33, in <module>
    sys.exit(load_entry_point('sleap', 'console_scripts', 'sleap-convert')())
  File "/gpfs/soma_fs/home/buchsbaum/miniforge3/envs/sleap/bin/sleap-convert", line 25, in importlib_load_entry_point
    return next(matches).load()
  File "/gpfs/soma_fs/home/buchsbaum/miniforge3/envs/sleap/lib/python3.7/site-packages/importlib_metadata/__init__.py", line 209, in load
    module = import_module(match.group('module'))
  File "/gpfs/soma_fs/home/buchsbaum/miniforge3/envs/sleap/lib/python3.7/importlib/__init__.py", line 127, in import_module
    return _bootstrap._gcd_import(name[level:], package, level)
  File "<frozen importlib._bootstrap>", line 1006, in _gcd_import
  File "<frozen importlib._bootstrap>", line 983, in _find_and_load
  File "<frozen importlib._bootstrap>", line 953, in _find_and_load_unlocked
  File "<frozen importlib._bootstrap>", line 219, in _call_with_frames_removed
  File "<frozen importlib._bootstrap>", line 1006, in _gcd_import
  File "<frozen importlib._bootstrap>", line 983, in _find_and_load
  File "<frozen importlib._bootstrap>", line 953, in _find_and_load_unlocked
  File "<frozen importlib._bootstrap>", line 219, in _call_with_frames_removed
  File "<frozen importlib._bootstrap>", line 1006, in _gcd_import
  File "<frozen importlib._bootstrap>", line 983, in _find_and_load
  File "<frozen importlib._bootstrap>", line 967, in _find_and_load_unlocked
  File "<frozen importlib._bootstrap>", line 677, in _load_unlocked
  File "<frozen importlib._bootstrap_external>", line 728, in exec_module
  File "<frozen importlib._bootstrap>", line 219, in _call_with_frames_removed
  File "/gpfs/soma_fs/home/buchsbaum/src/sleap/sleap/__init__.py", line 10, in <module>
    from sleap.io.dataset import Labels, load_file
  File "/gpfs/soma_fs/home/buchsbaum/src/sleap/sleap/io/dataset.py", line 73, in <module>
    from sleap.instance import (
  File "/gpfs/soma_fs/home/buchsbaum/src/sleap/sleap/instance.py", line 35, in <module>
    from sleap.io.video import Video  # Only used for type hinting
  File "/gpfs/soma_fs/home/buchsbaum/src/sleap/sleap/io/video.py", line 7, in <module>
    import cv2
ImportError: libGL.so.1: cannot open shared object file: No such file or directory
Traceback (most recent call last):
  File "/gpfs/soma_fs/home/buchsbaum/miniforge3/envs/sleap/bin/sleap-convert", line 33, in <module>
    sys.exit(load_entry_point('sleap', 'console_scripts', 'sleap-convert')())
  File "/gpfs/soma_fs/home/buchsbaum/miniforge3/envs/sleap/bin/sleap-convert", line 25, in importlib_load_entry_point
    return next(matches).load()
  File "/gpfs/soma_fs/home/buchsbaum/miniforge3/envs/sleap/lib/python3.7/site-packages/importlib_metadata/__init__.py", line 209, in load
    module = import_module(match.group('module'))
  File "/gpfs/soma_fs/home/buchsbaum/miniforge3/envs/sleap/lib/python3.7/importlib/__init__.py", line 127, in import_module
    return _bootstrap._gcd_import(name[level:], package, level)
  File "<frozen importlib._bootstrap>", line 1006, in _gcd_import
  File "<frozen importlib._bootstrap>", line 983, in _find_and_load
  File "<frozen importlib._bootstrap>", line 953, in _find_and_load_unlocked
  File "<frozen importlib._bootstrap>", line 219, in _call_with_frames_removed
  File "<frozen importlib._bootstrap>", line 1006, in _gcd_import
  File "<frozen importlib._bootstrap>", line 983, in _find_and_load
  File "<frozen importlib._bootstrap>", line 953, in _find_and_load_unlocked
  File "<frozen importlib._bootstrap>", line 219, in _call_with_frames_removed
  File "<frozen importlib._bootstrap>", line 1006, in _gcd_import
  File "<frozen importlib._bootstrap>", line 983, in _find_and_load
  File "<frozen importlib._bootstrap>", line 967, in _find_and_load_unlocked
  File "<frozen importlib._bootstrap>", line 677, in _load_unlocked
  File "<frozen importlib._bootstrap_external>", line 728, in exec_module
  File "<frozen importlib._bootstrap>", line 219, in _call_with_frames_removed
  File "/gpfs/soma_fs/home/buchsbaum/src/sleap/sleap/__init__.py", line 10, in <module>
    from sleap.io.dataset import Labels, load_file
  File "/gpfs/soma_fs/home/buchsbaum/src/sleap/sleap/io/dataset.py", line 73, in <module>
    from sleap.instance import (
  File "/gpfs/soma_fs/home/buchsbaum/src/sleap/sleap/instance.py", line 35, in <module>
    from sleap.io.video import Video  # Only used for type hinting
  File "/gpfs/soma_fs/home/buchsbaum/src/sleap/sleap/io/video.py", line 7, in <module>
    import cv2
ImportError: libGL.so.1: cannot open shared object file: No such file or directory
Traceback (most recent call last):
  File "/gpfs/soma_fs/home/buchsbaum/miniforge3/envs/sleap/bin/sleap-convert", line 33, in <module>
    sys.exit(load_entry_point('sleap', 'console_scripts', 'sleap-convert')())
  File "/gpfs/soma_fs/home/buchsbaum/miniforge3/envs/sleap/bin/sleap-convert", line 25, in importlib_load_entry_point
    return next(matches).load()
  File "/gpfs/soma_fs/home/buchsbaum/miniforge3/envs/sleap/lib/python3.7/site-packages/importlib_metadata/__init__.py", line 209, in load
    module = import_module(match.group('module'))
  File "/gpfs/soma_fs/home/buchsbaum/miniforge3/envs/sleap/lib/python3.7/importlib/__init__.py", line 127, in import_module
    return _bootstrap._gcd_import(name[level:], package, level)
  File "<frozen importlib._bootstrap>", line 1006, in _gcd_import
  File "<frozen importlib._bootstrap>", line 983, in _find_and_load
  File "<frozen importlib._bootstrap>", line 953, in _find_and_load_unlocked
  File "<frozen importlib._bootstrap>", line 219, in _call_with_frames_removed
  File "<frozen importlib._bootstrap>", line 1006, in _gcd_import
  File "<frozen importlib._bootstrap>", line 983, in _find_and_load
  File "<frozen importlib._bootstrap>", line 953, in _find_and_load_unlocked
  File "<frozen importlib._bootstrap>", line 219, in _call_with_frames_removed
  File "<frozen importlib._bootstrap>", line 1006, in _gcd_import
  File "<frozen importlib._bootstrap>", line 983, in _find_and_load
  File "<frozen importlib._bootstrap>", line 967, in _find_and_load_unlocked
  File "<frozen importlib._bootstrap>", line 677, in _load_unlocked
  File "<frozen importlib._bootstrap_external>", line 728, in exec_module
  File "<frozen importlib._bootstrap>", line 219, in _call_with_frames_removed
  File "/gpfs/soma_fs/home/buchsbaum/src/sleap/sleap/__init__.py", line 10, in <module>
    from sleap.io.dataset import Labels, load_file
  File "/gpfs/soma_fs/home/buchsbaum/src/sleap/sleap/io/dataset.py", line 73, in <module>
    from sleap.instance import (
  File "/gpfs/soma_fs/home/buchsbaum/src/sleap/sleap/instance.py", line 35, in <module>
    from sleap.io.video import Video  # Only used for type hinting
  File "/gpfs/soma_fs/home/buchsbaum/src/sleap/sleap/io/video.py", line 7, in <module>
    import cv2
ImportError: libGL.so.1: cannot open shared object file: No such file or directory
Traceback (most recent call last):
  File "/gpfs/soma_fs/home/buchsbaum/miniforge3/envs/sleap/bin/sleap-convert", line 33, in <module>
    sys.exit(load_entry_point('sleap', 'console_scripts', 'sleap-convert')())
  File "/gpfs/soma_fs/home/buchsbaum/miniforge3/envs/sleap/bin/sleap-convert", line 25, in importlib_load_entry_point
    return next(matches).load()
  File "/gpfs/soma_fs/home/buchsbaum/miniforge3/envs/sleap/lib/python3.7/site-packages/importlib_metadata/__init__.py", line 209, in load
    module = import_module(match.group('module'))
  File "/gpfs/soma_fs/home/buchsbaum/miniforge3/envs/sleap/lib/python3.7/importlib/__init__.py", line 127, in import_module
    return _bootstrap._gcd_import(name[level:], package, level)
  File "<frozen importlib._bootstrap>", line 1006, in _gcd_import
  File "<frozen importlib._bootstrap>", line 983, in _find_and_load
  File "<frozen importlib._bootstrap>", line 953, in _find_and_load_unlocked
  File "<frozen importlib._bootstrap>", line 219, in _call_with_frames_removed
  File "<frozen importlib._bootstrap>", line 1006, in _gcd_import
  File "<frozen importlib._bootstrap>", line 983, in _find_and_load
  File "<frozen importlib._bootstrap>", line 953, in _find_and_load_unlocked
  File "<frozen importlib._bootstrap>", line 219, in _call_with_frames_removed
  File "<frozen importlib._bootstrap>", line 1006, in _gcd_import
  File "<frozen importlib._bootstrap>", line 983, in _find_and_load
  File "<frozen importlib._bootstrap>", line 967, in _find_and_load_unlocked
  File "<frozen importlib._bootstrap>", line 677, in _load_unlocked
  File "<frozen importlib._bootstrap_external>", line 728, in exec_module
  File "<frozen importlib._bootstrap>", line 219, in _call_with_frames_removed
  File "/gpfs/soma_fs/home/buchsbaum/src/sleap/sleap/__init__.py", line 10, in <module>
    from sleap.io.dataset import Labels, load_file
  File "/gpfs/soma_fs/home/buchsbaum/src/sleap/sleap/io/dataset.py", line 73, in <module>
    from sleap.instance import (
  File "/gpfs/soma_fs/home/buchsbaum/src/sleap/sleap/instance.py", line 35, in <module>
    from sleap.io.video import Video  # Only used for type hinting
  File "/gpfs/soma_fs/home/buchsbaum/src/sleap/sleap/io/video.py", line 7, in <module>
    import cv2
ImportError: libGL.so.1: cannot open shared object file: No such file or directory
Traceback (most recent call last):
  File "/gpfs/soma_fs/home/buchsbaum/miniforge3/envs/sleap/bin/sleap-convert", line 33, in <module>
    sys.exit(load_entry_point('sleap', 'console_scripts', 'sleap-convert')())Traceback (most recent call last):

  File "/gpfs/soma_fs/home/buchsbaum/miniforge3/envs/sleap/bin/sleap-convert", line 33, in <module>
  File "/gpfs/soma_fs/home/buchsbaum/miniforge3/envs/sleap/bin/sleap-convert", line 25, in importlib_load_entry_point
    return next(matches).load()
  File "/gpfs/soma_fs/home/buchsbaum/miniforge3/envs/sleap/lib/python3.7/site-packages/importlib_metadata/__init__.py", line 209, in load
    sys.exit(load_entry_point('sleap', 'console_scripts', 'sleap-convert')())
  File "/gpfs/soma_fs/home/buchsbaum/miniforge3/envs/sleap/bin/sleap-convert", line 25, in importlib_load_entry_point
    module = import_module(match.group('module'))
  File "/gpfs/soma_fs/home/buchsbaum/miniforge3/envs/sleap/lib/python3.7/importlib/__init__.py", line 127, in import_module
    return next(matches).load()
  File "/gpfs/soma_fs/home/buchsbaum/miniforge3/envs/sleap/lib/python3.7/site-packages/importlib_metadata/__init__.py", line 209, in load
    return _bootstrap._gcd_import(name[level:], package, level)
  File "<frozen importlib._bootstrap>", line 1006, in _gcd_import
    module = import_module(match.group('module'))
  File "/gpfs/soma_fs/home/buchsbaum/miniforge3/envs/sleap/lib/python3.7/importlib/__init__.py", line 127, in import_module
  File "<frozen importlib._bootstrap>", line 983, in _find_and_load
    return _bootstrap._gcd_import(name[level:], package, level)
  File "<frozen importlib._bootstrap>", line 1006, in _gcd_import
  File "<frozen importlib._bootstrap>", line 953, in _find_and_load_unlocked
  File "<frozen importlib._bootstrap>", line 219, in _call_with_frames_removed
  File "<frozen importlib._bootstrap>", line 983, in _find_and_load
  File "<frozen importlib._bootstrap>", line 1006, in _gcd_import
  File "<frozen importlib._bootstrap>", line 953, in _find_and_load_unlocked
  File "<frozen importlib._bootstrap>", line 983, in _find_and_load
  File "<frozen importlib._bootstrap>", line 219, in _call_with_frames_removed
  File "<frozen importlib._bootstrap>", line 953, in _find_and_load_unlocked
  File "<frozen importlib._bootstrap>", line 1006, in _gcd_import
  File "<frozen importlib._bootstrap>", line 219, in _call_with_frames_removed
  File "<frozen importlib._bootstrap>", line 983, in _find_and_load
  File "<frozen importlib._bootstrap>", line 1006, in _gcd_import
  File "<frozen importlib._bootstrap>", line 953, in _find_and_load_unlocked
  File "<frozen importlib._bootstrap>", line 983, in _find_and_load
  File "<frozen importlib._bootstrap>", line 219, in _call_with_frames_removed
  File "<frozen importlib._bootstrap>", line 967, in _find_and_load_unlocked
  File "<frozen importlib._bootstrap>", line 1006, in _gcd_import
  File "<frozen importlib._bootstrap>", line 677, in _load_unlocked
  File "<frozen importlib._bootstrap>", line 983, in _find_and_load
  File "<frozen importlib._bootstrap_external>", line 728, in exec_module
  File "<frozen importlib._bootstrap>", line 967, in _find_and_load_unlocked
  File "<frozen importlib._bootstrap>", line 219, in _call_with_frames_removed
  File "<frozen importlib._bootstrap>", line 677, in _load_unlocked
  File "/gpfs/soma_fs/home/buchsbaum/src/sleap/sleap/__init__.py", line 10, in <module>
  File "<frozen importlib._bootstrap_external>", line 728, in exec_module
  File "<frozen importlib._bootstrap>", line 219, in _call_with_frames_removed
    from sleap.io.dataset import Labels, load_file
  File "/gpfs/soma_fs/home/buchsbaum/src/sleap/sleap/io/dataset.py", line 73, in <module>
  File "/gpfs/soma_fs/home/buchsbaum/src/sleap/sleap/__init__.py", line 10, in <module>
    from sleap.instance import (    
from sleap.io.dataset import Labels, load_file  File "/gpfs/soma_fs/home/buchsbaum/src/sleap/sleap/instance.py", line 35, in <module>

  File "/gpfs/soma_fs/home/buchsbaum/src/sleap/sleap/io/dataset.py", line 73, in <module>
    from sleap.io.video import Video  # Only used for type hinting
  File "/gpfs/soma_fs/home/buchsbaum/src/sleap/sleap/io/video.py", line 7, in <module>
    from sleap.instance import (
  File "/gpfs/soma_fs/home/buchsbaum/src/sleap/sleap/instance.py", line 35, in <module>
    import cv2
ImportError: libGL.so.1: cannot open shared object file: No such file or directory
    from sleap.io.video import Video  # Only used for type hinting
  File "/gpfs/soma_fs/home/buchsbaum/src/sleap/sleap/io/video.py", line 7, in <module>
    import cv2
ImportError: libGL.so.1: cannot open shared object file: No such file or directory
Traceback (most recent call last):
  File "/gpfs/soma_fs/home/buchsbaum/miniforge3/envs/sleap/bin/sleap-convert", line 33, in <module>
    sys.exit(load_entry_point('sleap', 'console_scripts', 'sleap-convert')())
  File "/gpfs/soma_fs/home/buchsbaum/miniforge3/envs/sleap/bin/sleap-convert", line 25, in importlib_load_entry_point
    return next(matches).load()
  File "/gpfs/soma_fs/home/buchsbaum/miniforge3/envs/sleap/lib/python3.7/site-packages/importlib_metadata/__init__.py", line 209, in load
    module = import_module(match.group('module'))
  File "/gpfs/soma_fs/home/buchsbaum/miniforge3/envs/sleap/lib/python3.7/importlib/__init__.py", line 127, in import_module
    return _bootstrap._gcd_import(name[level:], package, level)
  File "<frozen importlib._bootstrap>", line 1006, in _gcd_import
  File "<frozen importlib._bootstrap>", line 983, in _find_and_load
  File "<frozen importlib._bootstrap>", line 953, in _find_and_load_unlocked
  File "<frozen importlib._bootstrap>", line 219, in _call_with_frames_removed
  File "<frozen importlib._bootstrap>", line 1006, in _gcd_import
  File "<frozen importlib._bootstrap>", line 983, in _find_and_load
  File "<frozen importlib._bootstrap>", line 953, in _find_and_load_unlocked
  File "<frozen importlib._bootstrap>", line 219, in _call_with_frames_removed
  File "<frozen importlib._bootstrap>", line 1006, in _gcd_import
  File "<frozen importlib._bootstrap>", line 983, in _find_and_load
  File "<frozen importlib._bootstrap>", line 967, in _find_and_load_unlocked
  File "<frozen importlib._bootstrap>", line 677, in _load_unlocked
  File "<frozen importlib._bootstrap_external>", line 728, in exec_module
  File "<frozen importlib._bootstrap>", line 219, in _call_with_frames_removed
  File "/gpfs/soma_fs/home/buchsbaum/src/sleap/sleap/__init__.py", line 10, in <module>
    from sleap.io.dataset import Labels, load_file
  File "/gpfs/soma_fs/home/buchsbaum/src/sleap/sleap/io/dataset.py", line 73, in <module>
    from sleap.instance import (
  File "/gpfs/soma_fs/home/buchsbaum/src/sleap/sleap/instance.py", line 35, in <module>
    from sleap.io.video import Video  # Only used for type hinting
  File "/gpfs/soma_fs/home/buchsbaum/src/sleap/sleap/io/video.py", line 7, in <module>
    import cv2
ImportError: libGL.so.1: cannot open shared object file: No such file or directory
Traceback (most recent call last):
  File "/gpfs/soma_fs/home/buchsbaum/miniforge3/envs/sleap/bin/sleap-convert", line 33, in <module>
    sys.exit(load_entry_point('sleap', 'console_scripts', 'sleap-convert')())
  File "/gpfs/soma_fs/home/buchsbaum/miniforge3/envs/sleap/bin/sleap-convert", line 25, in importlib_load_entry_point
    return next(matches).load()
  File "/gpfs/soma_fs/home/buchsbaum/miniforge3/envs/sleap/lib/python3.7/site-packages/importlib_metadata/__init__.py", line 209, in load
    module = import_module(match.group('module'))
  File "/gpfs/soma_fs/home/buchsbaum/miniforge3/envs/sleap/lib/python3.7/importlib/__init__.py", line 127, in import_module
    return _bootstrap._gcd_import(name[level:], package, level)
  File "<frozen importlib._bootstrap>", line 1006, in _gcd_import
  File "<frozen importlib._bootstrap>", line 983, in _find_and_load
  File "<frozen importlib._bootstrap>", line 953, in _find_and_load_unlocked
  File "<frozen importlib._bootstrap>", line 219, in _call_with_frames_removed
  File "<frozen importlib._bootstrap>", line 1006, in _gcd_import
  File "<frozen importlib._bootstrap>", line 983, in _find_and_load
  File "<frozen importlib._bootstrap>", line 953, in _find_and_load_unlocked
  File "<frozen importlib._bootstrap>", line 219, in _call_with_frames_removed
  File "<frozen importlib._bootstrap>", line 1006, in _gcd_import
  File "<frozen importlib._bootstrap>", line 983, in _find_and_load
  File "<frozen importlib._bootstrap>", line 967, in _find_and_load_unlocked
  File "<frozen importlib._bootstrap>", line 677, in _load_unlocked
  File "<frozen importlib._bootstrap_external>", line 728, in exec_module
  File "<frozen importlib._bootstrap>", line 219, in _call_with_frames_removed
  File "/gpfs/soma_fs/home/buchsbaum/src/sleap/sleap/__init__.py", line 10, in <module>
    from sleap.io.dataset import Labels, load_file
  File "/gpfs/soma_fs/home/buchsbaum/src/sleap/sleap/io/dataset.py", line 73, in <module>
    from sleap.instance import (
  File "/gpfs/soma_fs/home/buchsbaum/src/sleap/sleap/instance.py", line 35, in <module>
    from sleap.io.video import Video  # Only used for type hinting
  File "/gpfs/soma_fs/home/buchsbaum/src/sleap/sleap/io/video.py", line 7, in <module>
    import cv2
ImportError: libGL.so.1: cannot open shared object file: No such file or directory
Traceback (most recent call last):
  File "/gpfs/soma_fs/home/buchsbaum/miniforge3/envs/sleap/bin/sleap-convert", line 33, in <module>
    sys.exit(load_entry_point('sleap', 'console_scripts', 'sleap-convert')())
  File "/gpfs/soma_fs/home/buchsbaum/miniforge3/envs/sleap/bin/sleap-convert", line 25, in importlib_load_entry_point
    return next(matches).load()
  File "/gpfs/soma_fs/home/buchsbaum/miniforge3/envs/sleap/lib/python3.7/site-packages/importlib_metadata/__init__.py", line 209, in load
    module = import_module(match.group('module'))
  File "/gpfs/soma_fs/home/buchsbaum/miniforge3/envs/sleap/lib/python3.7/importlib/__init__.py", line 127, in import_module
    return _bootstrap._gcd_import(name[level:], package, level)
  File "<frozen importlib._bootstrap>", line 1006, in _gcd_import
  File "<frozen importlib._bootstrap>", line 983, in _find_and_load
  File "<frozen importlib._bootstrap>", line 953, in _find_and_load_unlocked
  File "<frozen importlib._bootstrap>", line 219, in _call_with_frames_removed
  File "<frozen importlib._bootstrap>", line 1006, in _gcd_import
  File "<frozen importlib._bootstrap>", line 983, in _find_and_load
  File "<frozen importlib._bootstrap>", line 953, in _find_and_load_unlocked
  File "<frozen importlib._bootstrap>", line 219, in _call_with_frames_removed
  File "<frozen importlib._bootstrap>", line 1006, in _gcd_import
  File "<frozen importlib._bootstrap>", line 983, in _find_and_load
  File "<frozen importlib._bootstrap>", line 967, in _find_and_load_unlocked
  File "<frozen importlib._bootstrap>", line 677, in _load_unlocked
  File "<frozen importlib._bootstrap_external>", line 728, in exec_module
  File "<frozen importlib._bootstrap>", line 219, in _call_with_frames_removed
  File "/gpfs/soma_fs/home/buchsbaum/src/sleap/sleap/__init__.py", line 10, in <module>
    from sleap.io.dataset import Labels, load_file
  File "/gpfs/soma_fs/home/buchsbaum/src/sleap/sleap/io/dataset.py", line 73, in <module>
    from sleap.instance import (
  File "/gpfs/soma_fs/home/buchsbaum/src/sleap/sleap/instance.py", line 35, in <module>
    from sleap.io.video import Video  # Only used for type hinting
  File "/gpfs/soma_fs/home/buchsbaum/src/sleap/sleap/io/video.py", line 7, in <module>
    import cv2
ImportError: libGL.so.1: cannot open shared object file: No such file or directory
Traceback (most recent call last):
  File "/gpfs/soma_fs/home/buchsbaum/miniforge3/envs/sleap/bin/sleap-convert", line 33, in <module>
    sys.exit(load_entry_point('sleap', 'console_scripts', 'sleap-convert')())
  File "/gpfs/soma_fs/home/buchsbaum/miniforge3/envs/sleap/bin/sleap-convert", line 25, in importlib_load_entry_point
    return next(matches).load()
  File "/gpfs/soma_fs/home/buchsbaum/miniforge3/envs/sleap/lib/python3.7/site-packages/importlib_metadata/__init__.py", line 209, in load
    module = import_module(match.group('module'))
  File "/gpfs/soma_fs/home/buchsbaum/miniforge3/envs/sleap/lib/python3.7/importlib/__init__.py", line 127, in import_module
    return _bootstrap._gcd_import(name[level:], package, level)
  File "<frozen importlib._bootstrap>", line 1006, in _gcd_import
  File "<frozen importlib._bootstrap>", line 983, in _find_and_load
  File "<frozen importlib._bootstrap>", line 953, in _find_and_load_unlocked
  File "<frozen importlib._bootstrap>", line 219, in _call_with_frames_removed
  File "<frozen importlib._bootstrap>", line 1006, in _gcd_import
  File "<frozen importlib._bootstrap>", line 983, in _find_and_load
  File "<frozen importlib._bootstrap>", line 953, in _find_and_load_unlocked
  File "<frozen importlib._bootstrap>", line 219, in _call_with_frames_removed
  File "<frozen importlib._bootstrap>", line 1006, in _gcd_import
  File "<frozen importlib._bootstrap>", line 983, in _find_and_load
  File "<frozen importlib._bootstrap>", line 967, in _find_and_load_unlocked
  File "<frozen importlib._bootstrap>", line 677, in _load_unlocked
  File "<frozen importlib._bootstrap_external>", line 728, in exec_module
  File "<frozen importlib._bootstrap>", line 219, in _call_with_frames_removed
  File "/gpfs/soma_fs/home/buchsbaum/src/sleap/sleap/__init__.py", line 10, in <module>
    from sleap.io.dataset import Labels, load_file
  File "/gpfs/soma_fs/home/buchsbaum/src/sleap/sleap/io/dataset.py", line 73, in <module>
    from sleap.instance import (
  File "/gpfs/soma_fs/home/buchsbaum/src/sleap/sleap/instance.py", line 35, in <module>
    from sleap.io.video import Video  # Only used for type hinting
  File "/gpfs/soma_fs/home/buchsbaum/src/sleap/sleap/io/video.py", line 7, in <module>
    import cv2
ImportError: libGL.so.1: cannot open shared object file: No such file or directory
Traceback (most recent call last):
  File "/gpfs/soma_fs/home/buchsbaum/miniforge3/envs/sleap/bin/sleap-convert", line 33, in <module>
    sys.exit(load_entry_point('sleap', 'console_scripts', 'sleap-convert')())Traceback (most recent call last):

  File "/gpfs/soma_fs/home/buchsbaum/miniforge3/envs/sleap/bin/sleap-convert", line 33, in <module>
  File "/gpfs/soma_fs/home/buchsbaum/miniforge3/envs/sleap/bin/sleap-convert", line 25, in importlib_load_entry_point
    return next(matches).load()
  File "/gpfs/soma_fs/home/buchsbaum/miniforge3/envs/sleap/lib/python3.7/site-packages/importlib_metadata/__init__.py", line 209, in load
    sys.exit(load_entry_point('sleap', 'console_scripts', 'sleap-convert')())
  File "/gpfs/soma_fs/home/buchsbaum/miniforge3/envs/sleap/bin/sleap-convert", line 25, in importlib_load_entry_point
    module = import_module(match.group('module'))    
return next(matches).load()  File "/gpfs/soma_fs/home/buchsbaum/miniforge3/envs/sleap/lib/python3.7/importlib/__init__.py", line 127, in import_module

  File "/gpfs/soma_fs/home/buchsbaum/miniforge3/envs/sleap/lib/python3.7/site-packages/importlib_metadata/__init__.py", line 209, in load
    return _bootstrap._gcd_import(name[level:], package, level)
      File "<frozen importlib._bootstrap>", line 1006, in _gcd_import
module = import_module(match.group('module'))
  File "/gpfs/soma_fs/home/buchsbaum/miniforge3/envs/sleap/lib/python3.7/importlib/__init__.py", line 127, in import_module
  File "<frozen importlib._bootstrap>", line 983, in _find_and_load
    return _bootstrap._gcd_import(name[level:], package, level)
  File "<frozen importlib._bootstrap>", line 1006, in _gcd_import
  File "<frozen importlib._bootstrap>", line 953, in _find_and_load_unlocked
  File "<frozen importlib._bootstrap>", line 983, in _find_and_load
  File "<frozen importlib._bootstrap>", line 219, in _call_with_frames_removed
  File "<frozen importlib._bootstrap>", line 953, in _find_and_load_unlocked
  File "<frozen importlib._bootstrap>", line 1006, in _gcd_import
  File "<frozen importlib._bootstrap>", line 219, in _call_with_frames_removed
  File "<frozen importlib._bootstrap>", line 983, in _find_and_load
  File "<frozen importlib._bootstrap>", line 1006, in _gcd_import
  File "<frozen importlib._bootstrap>", line 953, in _find_and_load_unlocked
  File "<frozen importlib._bootstrap>", line 983, in _find_and_load
  File "<frozen importlib._bootstrap>", line 219, in _call_with_frames_removed
  File "<frozen importlib._bootstrap>", line 953, in _find_and_load_unlocked
  File "<frozen importlib._bootstrap>", line 1006, in _gcd_import
  File "<frozen importlib._bootstrap>", line 219, in _call_with_frames_removed
  File "<frozen importlib._bootstrap>", line 983, in _find_and_load
  File "<frozen importlib._bootstrap>", line 1006, in _gcd_import
  File "<frozen importlib._bootstrap>", line 967, in _find_and_load_unlocked
  File "<frozen importlib._bootstrap>", line 983, in _find_and_load
  File "<frozen importlib._bootstrap>", line 677, in _load_unlocked
  File "<frozen importlib._bootstrap>", line 967, in _find_and_load_unlocked
  File "<frozen importlib._bootstrap_external>", line 728, in exec_module
  File "<frozen importlib._bootstrap>", line 677, in _load_unlocked
  File "<frozen importlib._bootstrap>", line 219, in _call_with_frames_removed
  File "<frozen importlib._bootstrap_external>", line 728, in exec_module
  File "/gpfs/soma_fs/home/buchsbaum/src/sleap/sleap/__init__.py", line 10, in <module>
  File "<frozen importlib._bootstrap>", line 219, in _call_with_frames_removed
    from sleap.io.dataset import Labels, load_file
  File "/gpfs/soma_fs/home/buchsbaum/src/sleap/sleap/io/dataset.py", line 73, in <module>
  File "/gpfs/soma_fs/home/buchsbaum/src/sleap/sleap/__init__.py", line 10, in <module>
        from sleap.instance import (from sleap.io.dataset import Labels, load_file

  File "/gpfs/soma_fs/home/buchsbaum/src/sleap/sleap/instance.py", line 35, in <module>
  File "/gpfs/soma_fs/home/buchsbaum/src/sleap/sleap/io/dataset.py", line 73, in <module>
    from sleap.io.video import Video  # Only used for type hinting
  File "/gpfs/soma_fs/home/buchsbaum/src/sleap/sleap/io/video.py", line 7, in <module>
    from sleap.instance import (
  File "/gpfs/soma_fs/home/buchsbaum/src/sleap/sleap/instance.py", line 35, in <module>
    import cv2
ImportError: libGL.so.1: cannot open shared object file: No such file or directory
    from sleap.io.video import Video  # Only used for type hinting
  File "/gpfs/soma_fs/home/buchsbaum/src/sleap/sleap/io/video.py", line 7, in <module>
    import cv2
ImportError: libGL.so.1: cannot open shared object file: No such file or directory
Traceback (most recent call last):
  File "/gpfs/soma_fs/home/buchsbaum/miniforge3/envs/sleap/bin/sleap-convert", line 33, in <module>
    sys.exit(load_entry_point('sleap', 'console_scripts', 'sleap-convert')())
  File "/gpfs/soma_fs/home/buchsbaum/miniforge3/envs/sleap/bin/sleap-convert", line 25, in importlib_load_entry_point
    return next(matches).load()
  File "/gpfs/soma_fs/home/buchsbaum/miniforge3/envs/sleap/lib/python3.7/site-packages/importlib_metadata/__init__.py", line 209, in load
    module = import_module(match.group('module'))
  File "/gpfs/soma_fs/home/buchsbaum/miniforge3/envs/sleap/lib/python3.7/importlib/__init__.py", line 127, in import_module
    return _bootstrap._gcd_import(name[level:], package, level)
  File "<frozen importlib._bootstrap>", line 1006, in _gcd_import
  File "<frozen importlib._bootstrap>", line 983, in _find_and_load
  File "<frozen importlib._bootstrap>", line 953, in _find_and_load_unlocked
  File "<frozen importlib._bootstrap>", line 219, in _call_with_frames_removed
  File "<frozen importlib._bootstrap>", line 1006, in _gcd_import
Traceback (most recent call last):
  File "/gpfs/soma_fs/home/buchsbaum/miniforge3/envs/sleap/bin/sleap-convert", line 33, in <module>
  File "<frozen importlib._bootstrap>", line 983, in _find_and_load
  File "<frozen importlib._bootstrap>", line 953, in _find_and_load_unlocked
    sys.exit(load_entry_point('sleap', 'console_scripts', 'sleap-convert')())
  File "<frozen importlib._bootstrap>", line 219, in _call_with_frames_removed
  File "/gpfs/soma_fs/home/buchsbaum/miniforge3/envs/sleap/bin/sleap-convert", line 25, in importlib_load_entry_point
  File "<frozen importlib._bootstrap>", line 1006, in _gcd_import
    return next(matches).load()
  File "/gpfs/soma_fs/home/buchsbaum/miniforge3/envs/sleap/lib/python3.7/site-packages/importlib_metadata/__init__.py", line 209, in load
  File "<frozen importlib._bootstrap>", line 983, in _find_and_load
  File "<frozen importlib._bootstrap>", line 967, in _find_and_load_unlocked
    module = import_module(match.group('module'))
  File "/gpfs/soma_fs/home/buchsbaum/miniforge3/envs/sleap/lib/python3.7/importlib/__init__.py", line 127, in import_module
  File "<frozen importlib._bootstrap>", line 677, in _load_unlocked
  File "<frozen importlib._bootstrap_external>", line 728, in exec_module
    return _bootstrap._gcd_import(name[level:], package, level)
  File "<frozen importlib._bootstrap>", line 1006, in _gcd_import
  File "<frozen importlib._bootstrap>", line 219, in _call_with_frames_removed
  File "<frozen importlib._bootstrap>", line 983, in _find_and_load
  File "/gpfs/soma_fs/home/buchsbaum/src/sleap/sleap/__init__.py", line 10, in <module>
  File "<frozen importlib._bootstrap>", line 953, in _find_and_load_unlocked
    from sleap.io.dataset import Labels, load_file
  File "/gpfs/soma_fs/home/buchsbaum/src/sleap/sleap/io/dataset.py", line 73, in <module>
  File "<frozen importlib._bootstrap>", line 219, in _call_with_frames_removed
  File "<frozen importlib._bootstrap>", line 1006, in _gcd_import
    from sleap.instance import (
  File "/gpfs/soma_fs/home/buchsbaum/src/sleap/sleap/instance.py", line 35, in <module>
  File "<frozen importlib._bootstrap>", line 983, in _find_and_load
      File "<frozen importlib._bootstrap>", line 953, in _find_and_load_unlocked
from sleap.io.video import Video  # Only used for type hinting
  File "/gpfs/soma_fs/home/buchsbaum/src/sleap/sleap/io/video.py", line 7, in <module>
  File "<frozen importlib._bootstrap>", line 219, in _call_with_frames_removed
    import cv2
ImportError: libGL.so.1: cannot open shared object file: No such file or directory
  File "<frozen importlib._bootstrap>", line 1006, in _gcd_import
  File "<frozen importlib._bootstrap>", line 983, in _find_and_load
  File "<frozen importlib._bootstrap>", line 967, in _find_and_load_unlocked
  File "<frozen importlib._bootstrap>", line 677, in _load_unlocked
  File "<frozen importlib._bootstrap_external>", line 728, in exec_module
  File "<frozen importlib._bootstrap>", line 219, in _call_with_frames_removed
  File "/gpfs/soma_fs/home/buchsbaum/src/sleap/sleap/__init__.py", line 10, in <module>
    from sleap.io.dataset import Labels, load_file
  File "/gpfs/soma_fs/home/buchsbaum/src/sleap/sleap/io/dataset.py", line 73, in <module>
    from sleap.instance import (
  File "/gpfs/soma_fs/home/buchsbaum/src/sleap/sleap/instance.py", line 35, in <module>
    from sleap.io.video import Video  # Only used for type hinting
  File "/gpfs/soma_fs/home/buchsbaum/src/sleap/sleap/io/video.py", line 7, in <module>
    import cv2
ImportError: libGL.so.1: cannot open shared object file: No such file or directory
Traceback (most recent call last):
  File "/gpfs/soma_fs/home/buchsbaum/miniforge3/envs/sleap/bin/sleap-convert", line 33, in <module>
    Traceback (most recent call last):
sys.exit(load_entry_point('sleap', 'console_scripts', 'sleap-convert')())  File "/gpfs/soma_fs/home/buchsbaum/miniforge3/envs/sleap/bin/sleap-convert", line 33, in <module>

  File "/gpfs/soma_fs/home/buchsbaum/miniforge3/envs/sleap/bin/sleap-convert", line 25, in importlib_load_entry_point
    return next(matches).load()
  File "/gpfs/soma_fs/home/buchsbaum/miniforge3/envs/sleap/lib/python3.7/site-packages/importlib_metadata/__init__.py", line 209, in load
    sys.exit(load_entry_point('sleap', 'console_scripts', 'sleap-convert')())
  File "/gpfs/soma_fs/home/buchsbaum/miniforge3/envs/sleap/bin/sleap-convert", line 25, in importlib_load_entry_point
    module = import_module(match.group('module'))
      File "/gpfs/soma_fs/home/buchsbaum/miniforge3/envs/sleap/lib/python3.7/importlib/__init__.py", line 127, in import_module
return next(matches).load()
  File "/gpfs/soma_fs/home/buchsbaum/miniforge3/envs/sleap/lib/python3.7/site-packages/importlib_metadata/__init__.py", line 209, in load
    return _bootstrap._gcd_import(name[level:], package, level)
  File "<frozen importlib._bootstrap>", line 1006, in _gcd_import
    module = import_module(match.group('module'))
  File "/gpfs/soma_fs/home/buchsbaum/miniforge3/envs/sleap/lib/python3.7/importlib/__init__.py", line 127, in import_module
  File "<frozen importlib._bootstrap>", line 983, in _find_and_load
    return _bootstrap._gcd_import(name[level:], package, level)
  File "<frozen importlib._bootstrap>", line 1006, in _gcd_import
  File "<frozen importlib._bootstrap>", line 953, in _find_and_load_unlocked
  File "<frozen importlib._bootstrap>", line 219, in _call_with_frames_removed
  File "<frozen importlib._bootstrap>", line 983, in _find_and_load
  File "<frozen importlib._bootstrap>", line 1006, in _gcd_import
  File "<frozen importlib._bootstrap>", line 953, in _find_and_load_unlocked
  File "<frozen importlib._bootstrap>", line 983, in _find_and_load
  File "<frozen importlib._bootstrap>", line 219, in _call_with_frames_removed
  File "<frozen importlib._bootstrap>", line 953, in _find_and_load_unlocked
  File "<frozen importlib._bootstrap>", line 1006, in _gcd_import
  File "<frozen importlib._bootstrap>", line 219, in _call_with_frames_removed
  File "<frozen importlib._bootstrap>", line 983, in _find_and_load
  File "<frozen importlib._bootstrap>", line 1006, in _gcd_import
  File "<frozen importlib._bootstrap>", line 953, in _find_and_load_unlocked
  File "<frozen importlib._bootstrap>", line 983, in _find_and_load
  File "<frozen importlib._bootstrap>", line 219, in _call_with_frames_removed
  File "<frozen importlib._bootstrap>", line 967, in _find_and_load_unlocked
  File "<frozen importlib._bootstrap>", line 1006, in _gcd_import
  File "<frozen importlib._bootstrap>", line 677, in _load_unlocked
  File "<frozen importlib._bootstrap>", line 983, in _find_and_load
  File "<frozen importlib._bootstrap_external>", line 728, in exec_module
  File "<frozen importlib._bootstrap>", line 967, in _find_and_load_unlocked
  File "<frozen importlib._bootstrap>", line 219, in _call_with_frames_removed
  File "<frozen importlib._bootstrap>", line 677, in _load_unlocked
  File "/gpfs/soma_fs/home/buchsbaum/src/sleap/sleap/__init__.py", line 10, in <module>
  File "<frozen importlib._bootstrap_external>", line 728, in exec_module
    from sleap.io.dataset import Labels, load_file
  File "/gpfs/soma_fs/home/buchsbaum/src/sleap/sleap/io/dataset.py", line 73, in <module>
  File "<frozen importlib._bootstrap>", line 219, in _call_with_frames_removed
  File "/gpfs/soma_fs/home/buchsbaum/src/sleap/sleap/__init__.py", line 10, in <module>
    from sleap.instance import (
  File "/gpfs/soma_fs/home/buchsbaum/src/sleap/sleap/instance.py", line 35, in <module>
    from sleap.io.dataset import Labels, load_file
  File "/gpfs/soma_fs/home/buchsbaum/src/sleap/sleap/io/dataset.py", line 73, in <module>
    from sleap.io.video import Video  # Only used for type hinting
  File "/gpfs/soma_fs/home/buchsbaum/src/sleap/sleap/io/video.py", line 7, in <module>
    from sleap.instance import (    
import cv2  File "/gpfs/soma_fs/home/buchsbaum/src/sleap/sleap/instance.py", line 35, in <module>

ImportError: libGL.so.1: cannot open shared object file: No such file or directory
    from sleap.io.video import Video  # Only used for type hinting
  File "/gpfs/soma_fs/home/buchsbaum/src/sleap/sleap/io/video.py", line 7, in <module>
    import cv2
ImportError: libGL.so.1: cannot open shared object file: No such file or directory
Traceback (most recent call last):
  File "/gpfs/soma_fs/home/buchsbaum/miniforge3/envs/sleap/bin/sleap-convert", line 33, in <module>
Traceback (most recent call last):
  File "/gpfs/soma_fs/home/buchsbaum/miniforge3/envs/sleap/bin/sleap-convert", line 33, in <module>
    sys.exit(load_entry_point('sleap', 'console_scripts', 'sleap-convert')())
  File "/gpfs/soma_fs/home/buchsbaum/miniforge3/envs/sleap/bin/sleap-convert", line 25, in importlib_load_entry_point
    return next(matches).load()
  File "/gpfs/soma_fs/home/buchsbaum/miniforge3/envs/sleap/lib/python3.7/site-packages/importlib_metadata/__init__.py", line 209, in load
    sys.exit(load_entry_point('sleap', 'console_scripts', 'sleap-convert')())
  File "/gpfs/soma_fs/home/buchsbaum/miniforge3/envs/sleap/bin/sleap-convert", line 25, in importlib_load_entry_point
        return next(matches).load()module = import_module(match.group('module'))

  File "/gpfs/soma_fs/home/buchsbaum/miniforge3/envs/sleap/lib/python3.7/site-packages/importlib_metadata/__init__.py", line 209, in load
  File "/gpfs/soma_fs/home/buchsbaum/miniforge3/envs/sleap/lib/python3.7/importlib/__init__.py", line 127, in import_module
    return _bootstrap._gcd_import(name[level:], package, level)    
module = import_module(match.group('module'))  File "<frozen importlib._bootstrap>", line 1006, in _gcd_import

  File "/gpfs/soma_fs/home/buchsbaum/miniforge3/envs/sleap/lib/python3.7/importlib/__init__.py", line 127, in import_module
  File "<frozen importlib._bootstrap>", line 983, in _find_and_load
    return _bootstrap._gcd_import(name[level:], package, level)
  File "<frozen importlib._bootstrap>", line 1006, in _gcd_import
  File "<frozen importlib._bootstrap>", line 953, in _find_and_load_unlocked
  File "<frozen importlib._bootstrap>", line 983, in _find_and_load
  File "<frozen importlib._bootstrap>", line 219, in _call_with_frames_removed
  File "<frozen importlib._bootstrap>", line 953, in _find_and_load_unlocked
  File "<frozen importlib._bootstrap>", line 1006, in _gcd_import
  File "<frozen importlib._bootstrap>", line 219, in _call_with_frames_removed
  File "<frozen importlib._bootstrap>", line 983, in _find_and_load
  File "<frozen importlib._bootstrap>", line 1006, in _gcd_import
  File "<frozen importlib._bootstrap>", line 953, in _find_and_load_unlocked
  File "<frozen importlib._bootstrap>", line 983, in _find_and_load
  File "<frozen importlib._bootstrap>", line 219, in _call_with_frames_removed
  File "<frozen importlib._bootstrap>", line 953, in _find_and_load_unlocked
  File "<frozen importlib._bootstrap>", line 1006, in _gcd_import
  File "<frozen importlib._bootstrap>", line 219, in _call_with_frames_removed
  File "<frozen importlib._bootstrap>", line 983, in _find_and_load
  File "<frozen importlib._bootstrap>", line 1006, in _gcd_import
  File "<frozen importlib._bootstrap>", line 967, in _find_and_load_unlocked
  File "<frozen importlib._bootstrap>", line 983, in _find_and_load
  File "<frozen importlib._bootstrap>", line 677, in _load_unlocked
  File "<frozen importlib._bootstrap>", line 967, in _find_and_load_unlocked
  File "<frozen importlib._bootstrap_external>", line 728, in exec_module
  File "<frozen importlib._bootstrap>", line 677, in _load_unlocked
  File "<frozen importlib._bootstrap_external>", line 728, in exec_module
  File "<frozen importlib._bootstrap>", line 219, in _call_with_frames_removed
  File "<frozen importlib._bootstrap>", line 219, in _call_with_frames_removed
  File "/gpfs/soma_fs/home/buchsbaum/src/sleap/sleap/__init__.py", line 10, in <module>
  File "/gpfs/soma_fs/home/buchsbaum/src/sleap/sleap/__init__.py", line 10, in <module>
    from sleap.io.dataset import Labels, load_file
  File "/gpfs/soma_fs/home/buchsbaum/src/sleap/sleap/io/dataset.py", line 73, in <module>
    from sleap.io.dataset import Labels, load_file
  File "/gpfs/soma_fs/home/buchsbaum/src/sleap/sleap/io/dataset.py", line 73, in <module>
    from sleap.instance import (
  File "/gpfs/soma_fs/home/buchsbaum/src/sleap/sleap/instance.py", line 35, in <module>
    from sleap.instance import (
  File "/gpfs/soma_fs/home/buchsbaum/src/sleap/sleap/instance.py", line 35, in <module>
    from sleap.io.video import Video  # Only used for type hinting
      File "/gpfs/soma_fs/home/buchsbaum/src/sleap/sleap/io/video.py", line 7, in <module>
from sleap.io.video import Video  # Only used for type hinting
  File "/gpfs/soma_fs/home/buchsbaum/src/sleap/sleap/io/video.py", line 7, in <module>
    import cv2
    ImportErrorimport cv2: 
libGL.so.1: cannot open shared object file: No such file or directoryImportError
: libGL.so.1: cannot open shared object file: No such file or directory
Traceback (most recent call last):
  File "/gpfs/soma_fs/home/buchsbaum/miniforge3/envs/sleap/bin/sleap-convert", line 33, in <module>
    sys.exit(load_entry_point('sleap', 'console_scripts', 'sleap-convert')())
  File "/gpfs/soma_fs/home/buchsbaum/miniforge3/envs/sleap/bin/sleap-convert", line 25, in importlib_load_entry_point
    return next(matches).load()
  File "/gpfs/soma_fs/home/buchsbaum/miniforge3/envs/sleap/lib/python3.7/site-packages/importlib_metadata/__init__.py", line 209, in load
    module = import_module(match.group('module'))
  File "/gpfs/soma_fs/home/buchsbaum/miniforge3/envs/sleap/lib/python3.7/importlib/__init__.py", line 127, in import_module
    return _bootstrap._gcd_import(name[level:], package, level)
  File "<frozen importlib._bootstrap>", line 1006, in _gcd_import
  File "<frozen importlib._bootstrap>", line 983, in _find_and_load
  File "<frozen importlib._bootstrap>", line 953, in _find_and_load_unlocked
  File "<frozen importlib._bootstrap>", line 219, in _call_with_frames_removed
  File "<frozen importlib._bootstrap>", line 1006, in _gcd_import
  File "<frozen importlib._bootstrap>", line 983, in _find_and_load
  File "<frozen importlib._bootstrap>", line 953, in _find_and_load_unlocked
  File "<frozen importlib._bootstrap>", line 219, in _call_with_frames_removed
  File "<frozen importlib._bootstrap>", line 1006, in _gcd_import
  File "<frozen importlib._bootstrap>", line 983, in _find_and_load
  File "<frozen importlib._bootstrap>", line 967, in _find_and_load_unlocked
  File "<frozen importlib._bootstrap>", line 677, in _load_unlocked
  File "<frozen importlib._bootstrap_external>", line 728, in exec_module
  File "<frozen importlib._bootstrap>", line 219, in _call_with_frames_removed
  File "/gpfs/soma_fs/home/buchsbaum/src/sleap/sleap/__init__.py", line 10, in <module>
    from sleap.io.dataset import Labels, load_file
  File "/gpfs/soma_fs/home/buchsbaum/src/sleap/sleap/io/dataset.py", line 73, in <module>
    from sleap.instance import (
  File "/gpfs/soma_fs/home/buchsbaum/src/sleap/sleap/instance.py", line 35, in <module>
    from sleap.io.video import Video  # Only used for type hinting
  File "/gpfs/soma_fs/home/buchsbaum/src/sleap/sleap/io/video.py", line 7, in <module>
    import cv2
ImportError: libGL.so.1: cannot open shared object file: No such file or directory
Traceback (most recent call last):
  File "/gpfs/soma_fs/home/buchsbaum/miniforge3/envs/sleap/bin/sleap-convert", line 33, in <module>
    sys.exit(load_entry_point('sleap', 'console_scripts', 'sleap-convert')())
  File "/gpfs/soma_fs/home/buchsbaum/miniforge3/envs/sleap/bin/sleap-convert", line 25, in importlib_load_entry_point
    return next(matches).load()
  File "/gpfs/soma_fs/home/buchsbaum/miniforge3/envs/sleap/lib/python3.7/site-packages/importlib_metadata/__init__.py", line 209, in load
    module = import_module(match.group('module'))
  File "/gpfs/soma_fs/home/buchsbaum/miniforge3/envs/sleap/lib/python3.7/importlib/__init__.py", line 127, in import_module
    return _bootstrap._gcd_import(name[level:], package, level)
  File "<frozen importlib._bootstrap>", line 1006, in _gcd_import
  File "<frozen importlib._bootstrap>", line 983, in _find_and_load
  File "<frozen importlib._bootstrap>", line 953, in _find_and_load_unlocked
  File "<frozen importlib._bootstrap>", line 219, in _call_with_frames_removed
  File "<frozen importlib._bootstrap>", line 1006, in _gcd_import
  File "<frozen importlib._bootstrap>", line 983, in _find_and_load
  File "<frozen importlib._bootstrap>", line 953, in _find_and_load_unlocked
  File "<frozen importlib._bootstrap>", line 219, in _call_with_frames_removed
  File "<frozen importlib._bootstrap>", line 1006, in _gcd_import
  File "<frozen importlib._bootstrap>", line 983, in _find_and_load
  File "<frozen importlib._bootstrap>", line 967, in _find_and_load_unlocked
  File "<frozen importlib._bootstrap>", line 677, in _load_unlocked
  File "<frozen importlib._bootstrap_external>", line 728, in exec_module
  File "<frozen importlib._bootstrap>", line 219, in _call_with_frames_removed
  File "/gpfs/soma_fs/home/buchsbaum/src/sleap/sleap/__init__.py", line 10, in <module>
    from sleap.io.dataset import Labels, load_file
  File "/gpfs/soma_fs/home/buchsbaum/src/sleap/sleap/io/dataset.py", line 73, in <module>
    from sleap.instance import (
  File "/gpfs/soma_fs/home/buchsbaum/src/sleap/sleap/instance.py", line 35, in <module>
    from sleap.io.video import Video  # Only used for type hinting
  File "/gpfs/soma_fs/home/buchsbaum/src/sleap/sleap/io/video.py", line 7, in <module>
    import cv2
ImportError: libGL.so.1: cannot open shared object file: No such file or directory
Traceback (most recent call last):
  File "/gpfs/soma_fs/home/buchsbaum/miniforge3/envs/sleap/bin/sleap-convert", line 33, in <module>
    sys.exit(load_entry_point('sleap', 'console_scripts', 'sleap-convert')())
  File "/gpfs/soma_fs/home/buchsbaum/miniforge3/envs/sleap/bin/sleap-convert", line 25, in importlib_load_entry_point
    return next(matches).load()
  File "/gpfs/soma_fs/home/buchsbaum/miniforge3/envs/sleap/lib/python3.7/site-packages/importlib_metadata/__init__.py", line 209, in load
    module = import_module(match.group('module'))
  File "/gpfs/soma_fs/home/buchsbaum/miniforge3/envs/sleap/lib/python3.7/importlib/__init__.py", line 127, in import_module
    return _bootstrap._gcd_import(name[level:], package, level)
  File "<frozen importlib._bootstrap>", line 1006, in _gcd_import
  File "<frozen importlib._bootstrap>", line 983, in _find_and_load
  File "<frozen importlib._bootstrap>", line 953, in _find_and_load_unlocked
  File "<frozen importlib._bootstrap>", line 219, in _call_with_frames_removed
  File "<frozen importlib._bootstrap>", line 1006, in _gcd_import
  File "<frozen importlib._bootstrap>", line 983, in _find_and_load
  File "<frozen importlib._bootstrap>", line 953, in _find_and_load_unlocked
  File "<frozen importlib._bootstrap>", line 219, in _call_with_frames_removed
  File "<frozen importlib._bootstrap>", line 1006, in _gcd_import
  File "<frozen importlib._bootstrap>", line 983, in _find_and_load
  File "<frozen importlib._bootstrap>", line 967, in _find_and_load_unlocked
  File "<frozen importlib._bootstrap>", line 677, in _load_unlocked
  File "<frozen importlib._bootstrap_external>", line 728, in exec_module
  File "<frozen importlib._bootstrap>", line 219, in _call_with_frames_removed
  File "/gpfs/soma_fs/home/buchsbaum/src/sleap/sleap/__init__.py", line 10, in <module>
    from sleap.io.dataset import Labels, load_file
  File "/gpfs/soma_fs/home/buchsbaum/src/sleap/sleap/io/dataset.py", line 73, in <module>
    from sleap.instance import (
  File "/gpfs/soma_fs/home/buchsbaum/src/sleap/sleap/instance.py", line 35, in <module>
    from sleap.io.video import Video  # Only used for type hinting
  File "/gpfs/soma_fs/home/buchsbaum/src/sleap/sleap/io/video.py", line 7, in <module>
    import cv2
ImportError: libGL.so.1: cannot open shared object file: No such file or directory
Traceback (most recent call last):
  File "/gpfs/soma_fs/home/buchsbaum/miniforge3/envs/sleap/bin/sleap-convert", line 33, in <module>
    sys.exit(load_entry_point('sleap', 'console_scripts', 'sleap-convert')())
  File "/gpfs/soma_fs/home/buchsbaum/miniforge3/envs/sleap/bin/sleap-convert", line 25, in importlib_load_entry_point
    return next(matches).load()
  File "/gpfs/soma_fs/home/buchsbaum/miniforge3/envs/sleap/lib/python3.7/site-packages/importlib_metadata/__init__.py", line 209, in load
    module = import_module(match.group('module'))
  File "/gpfs/soma_fs/home/buchsbaum/miniforge3/envs/sleap/lib/python3.7/importlib/__init__.py", line 127, in import_module
    return _bootstrap._gcd_import(name[level:], package, level)
  File "<frozen importlib._bootstrap>", line 1006, in _gcd_import
  File "<frozen importlib._bootstrap>", line 983, in _find_and_load
  File "<frozen importlib._bootstrap>", line 953, in _find_and_load_unlocked
  File "<frozen importlib._bootstrap>", line 219, in _call_with_frames_removed
  File "<frozen importlib._bootstrap>", line 1006, in _gcd_import
  File "<frozen importlib._bootstrap>", line 983, in _find_and_load
  File "<frozen importlib._bootstrap>", line 953, in _find_and_load_unlocked
  File "<frozen importlib._bootstrap>", line 219, in _call_with_frames_removed
  File "<frozen importlib._bootstrap>", line 1006, in _gcd_import
  File "<frozen importlib._bootstrap>", line 983, in _find_and_load
  File "<frozen importlib._bootstrap>", line 967, in _find_and_load_unlocked
  File "<frozen importlib._bootstrap>", line 677, in _load_unlocked
  File "<frozen importlib._bootstrap_external>", line 728, in exec_module
  File "<frozen importlib._bootstrap>", line 219, in _call_with_frames_removed
  File "/gpfs/soma_fs/home/buchsbaum/src/sleap/sleap/__init__.py", line 10, in <module>
    from sleap.io.dataset import Labels, load_file
  File "/gpfs/soma_fs/home/buchsbaum/src/sleap/sleap/io/dataset.py", line 73, in <module>
    from sleap.instance import (
  File "/gpfs/soma_fs/home/buchsbaum/src/sleap/sleap/instance.py", line 35, in <module>
    from sleap.io.video import Video  # Only used for type hinting
  File "/gpfs/soma_fs/home/buchsbaum/src/sleap/sleap/io/video.py", line 7, in <module>
    import cv2
ImportError: libGL.so.1: cannot open shared object file: No such file or directory
